<?xml version="1.0" encoding="UTF-8"?>
<coverage generated="1774476278023" clover="3.2.0">
  <project timestamp="1774476278023" name="All files">
    <metrics statements="78" coveredstatements="75" conditionals="91" coveredconditionals="63" methods="11" coveredmethods="11" elements="180" coveredelements="149" complexity="0" loc="78" ncloc="78" packages="1" files="1" classes="1"/>
    <file name="PsagotApiClient.ts" path="/Users/admin/Projects/my-stocks/packages/domain/src/services/PsagotApiClient.ts">
      <metrics statements="78" coveredstatements="75" conditionals="91" coveredconditionals="63" methods="11" coveredmethods="11"/>
      <line num="10" count="1" type="stmt"/>
      <line num="11" count="1" type="stmt"/>
      <line num="12" count="1" type="stmt"/>
      <line num="13" count="1" type="stmt"/>
      <line num="14" count="1" type="stmt"/>
      <line num="24" count="12" type="stmt"/>
      <line num="28" count="21" type="cond" truecount="3" falsecount="1"/>
      <line num="29" count="21" type="stmt"/>
      <line num="31" count="0" type="stmt"/>
      <line num="35" count="22" type="stmt"/>
      <line num="38" count="21" type="stmt"/>
      <line num="41" count="21" type="stmt"/>
      <line num="42" count="21" type="stmt"/>
      <line num="57" count="1" type="stmt"/>
      <line num="62" count="20" type="cond" truecount="4" falsecount="0"/>
      <line num="63" count="1" type="stmt"/>
      <line num="66" count="19" type="stmt"/>
      <line num="68" count="19" type="cond" truecount="1" falsecount="1"/>
      <line num="69" count="0" type="stmt"/>
      <line num="72" count="19" type="stmt"/>
      <line num="73" count="19" type="cond" truecount="1" falsecount="1"/>
      <line num="74" count="0" type="stmt"/>
      <line num="77" count="19" type="stmt"/>
      <line num="90" count="17" type="stmt"/>
      <line num="91" count="17" type="stmt"/>
      <line num="108" count="1" type="stmt"/>
      <line num="113" count="16" type="cond" truecount="4" falsecount="0"/>
      <line num="114" count="1" type="stmt"/>
      <line num="117" count="15" type="stmt"/>
      <line num="119" count="15" type="cond" truecount="2" falsecount="0"/>
      <line num="120" count="3" type="stmt"/>
      <line num="121" count="3" type="cond" truecount="4" falsecount="0"/>
      <line num="122" count="1" type="stmt"/>
      <line num="124" count="2" type="cond" truecount="2" falsecount="0"/>
      <line num="125" count="1" type="stmt"/>
      <line num="127" count="1" type="stmt"/>
      <line num="130" count="12" type="stmt"/>
      <line num="131" count="12" type="cond" truecount="2" falsecount="0"/>
      <line num="132" count="1" type="stmt"/>
      <line num="135" count="11" type="stmt"/>
      <line num="144" count="8" type="stmt"/>
      <line num="146" count="8" type="stmt"/>
      <line num="151" count="5" type="stmt"/>
      <line num="152" count="5" type="cond" truecount="2" falsecount="0"/>
      <line num="153" count="1" type="stmt"/>
      <line num="156" count="4" type="stmt"/>
      <line num="157" count="3" type="stmt"/>
      <line num="158" count="3" type="stmt"/>
      <line num="167" count="3" type="stmt"/>
      <line num="169" count="3" type="stmt"/>
      <line num="170" count="3" type="stmt"/>
      <line num="172" count="2" type="stmt"/>
      <line num="173" count="2" type="stmt"/>
      <line num="174" count="3" type="cond" truecount="1" falsecount="1"/>
      <line num="176" count="2" type="cond" truecount="1" falsecount="1"/>
      <line num="177" count="3" type="stmt"/>
      <line num="178" count="3" type="cond" truecount="1" falsecount="1"/>
      <line num="180" count="3" type="stmt"/>
      <line num="181" count="3" type="stmt"/>
      <line num="182" count="1" type="cond" truecount="1" falsecount="1"/>
      <line num="183" count="1" type="stmt"/>
      <line num="184" count="1" type="cond" truecount="3" falsecount="1"/>
      <line num="185" count="1" type="stmt"/>
      <line num="189" count="2" type="stmt"/>
      <line num="190" count="1" type="cond" truecount="1" falsecount="1"/>
      <line num="191" count="1" type="stmt"/>
      <line num="211" count="11" type="cond" truecount="4" falsecount="0"/>
      <line num="212" count="1" type="stmt"/>
      <line num="221" count="10" type="stmt"/>
      <line num="222" count="10" type="stmt"/>
      <line num="232" count="1" type="stmt"/>
      <line num="237" count="9" type="stmt"/>
      <line num="239" count="9" type="cond" truecount="5" falsecount="0"/>
      <line num="240" count="2" type="stmt"/>
      <line num="241" count="2" type="cond" truecount="2" falsecount="0"/>
      <line num="242" count="1" type="stmt"/>
      <line num="244" count="1" type="stmt"/>
      <line num="247" count="7" type="stmt"/>
    </file>
  </project>
</coverage>
