<?xml version="1.0" encoding="UTF-8"?>
<coverage generated="1774295479449" clover="3.2.0">
  <project timestamp="1774295479449" name="All files">
    <metrics statements="810" coveredstatements="589" conditionals="481" coveredconditionals="259" methods="234" coveredmethods="162" elements="1525" coveredelements="1010" complexity="0" loc="810" ncloc="810" packages="3" files="14" classes="14"/>
    <package name="repositories">
      <metrics statements="132" coveredstatements="75" conditionals="53" coveredconditionals="24" methods="81" coveredmethods="41"/>
      <file name="index.ts" path="/Users/admin/Projects/my-stocks/packages/domain/src/repositories/index.ts">
        <metrics statements="0" coveredstatements="0" conditionals="0" coveredconditionals="0" methods="0" coveredmethods="0"/>
      </file>
      <file name="portfolioRepository.ts" path="/Users/admin/Projects/my-stocks/packages/domain/src/repositories/portfolioRepository.ts">
        <metrics statements="132" coveredstatements="75" conditionals="53" coveredconditionals="24" methods="81" coveredmethods="41"/>
        <line num="16" count="3" type="stmt"/>
        <line num="79" count="25" type="stmt"/>
        <line num="82" count="24" type="stmt"/>
        <line num="83" count="24" type="stmt"/>
        <line num="86" count="21" type="stmt"/>
        <line num="87" count="24" type="stmt"/>
        <line num="89" count="24" type="stmt"/>
        <line num="93" count="30" type="stmt"/>
        <line num="94" count="31" type="cond" truecount="4" falsecount="0"/>
        <line num="98" count="8" type="stmt"/>
        <line num="99" count="9" type="stmt"/>
        <line num="103" count="7" type="stmt"/>
        <line num="104" count="7" type="stmt"/>
        <line num="105" count="7" type="stmt"/>
        <line num="109" count="0" type="stmt"/>
        <line num="113" count="7" type="stmt"/>
        <line num="114" count="7" type="stmt"/>
        <line num="115" count="7" type="stmt"/>
        <line num="119" count="11" type="stmt"/>
        <line num="120" count="11" type="cond" truecount="1" falsecount="1"/>
        <line num="124" count="0" type="stmt"/>
        <line num="125" count="0" type="stmt"/>
        <line num="129" count="7" type="stmt"/>
        <line num="130" count="7" type="stmt"/>
        <line num="131" count="7" type="stmt"/>
        <line num="135" count="11" type="stmt"/>
        <line num="136" count="11" type="stmt"/>
        <line num="137" count="11" type="cond" truecount="2" falsecount="0"/>
        <line num="138" count="0" type="stmt"/>
        <line num="139" count="11" type="cond" truecount="1" falsecount="1"/>
        <line num="143" count="0" type="stmt"/>
        <line num="144" count="0" type="stmt"/>
        <line num="145" count="0" type="stmt"/>
        <line num="146" count="0" type="stmt"/>
        <line num="150" count="0" type="stmt"/>
        <line num="151" count="0" type="stmt"/>
        <line num="154" count="0" type="stmt"/>
        <line num="155" count="0" type="stmt"/>
        <line num="157" count="0" type="stmt"/>
        <line num="161" count="0" type="stmt"/>
        <line num="162" count="0" type="cond" truecount="0" falsecount="4"/>
        <line num="166" count="0" type="stmt"/>
        <line num="167" count="0" type="stmt"/>
        <line num="171" count="0" type="stmt"/>
        <line num="172" count="0" type="stmt"/>
        <line num="175" count="0" type="stmt"/>
        <line num="176" count="0" type="stmt"/>
        <line num="178" count="0" type="stmt"/>
        <line num="182" count="0" type="stmt"/>
        <line num="183" count="0" type="cond" truecount="0" falsecount="4"/>
        <line num="187" count="21" type="stmt"/>
        <line num="188" count="21" type="stmt"/>
        <line num="192" count="22" type="stmt"/>
        <line num="193" count="22" type="stmt"/>
        <line num="197" count="2" type="stmt"/>
        <line num="201" count="5" type="stmt"/>
        <line num="202" count="8" type="stmt"/>
        <line num="206" count="1" type="stmt"/>
        <line num="207" count="1" type="stmt"/>
        <line num="210" count="1" type="cond" truecount="3" falsecount="0"/>
        <line num="214" count="0" type="stmt"/>
        <line num="215" count="1" type="cond" truecount="1" falsecount="1"/>
        <line num="219" count="8" type="stmt"/>
        <line num="220" count="8" type="stmt"/>
        <line num="224" count="1" type="stmt"/>
        <line num="225" count="4" type="stmt"/>
        <line num="229" count="0" type="stmt"/>
        <line num="230" count="0" type="stmt"/>
        <line num="231" count="0" type="stmt"/>
        <line num="232" count="0" type="stmt"/>
        <line num="234" count="0" type="stmt"/>
        <line num="238" count="22" type="stmt"/>
        <line num="239" count="22" type="stmt"/>
        <line num="240" count="22" type="stmt"/>
        <line num="241" count="48" type="stmt"/>
        <line num="243" count="22" type="stmt"/>
        <line num="247" count="0" type="stmt"/>
        <line num="248" count="0" type="stmt"/>
        <line num="252" count="6" type="stmt"/>
        <line num="253" count="6" type="stmt"/>
        <line num="254" count="24" type="cond" truecount="2" falsecount="0"/>
        <line num="259" count="38" type="stmt"/>
        <line num="260" count="38" type="stmt"/>
        <line num="261" count="41" type="cond" truecount="2" falsecount="0"/>
        <line num="263" count="39" type="stmt"/>
        <line num="267" count="2" type="stmt"/>
        <line num="268" count="5" type="stmt"/>
        <line num="272" count="0" type="stmt"/>
        <line num="273" count="0" type="cond" truecount="0" falsecount="2"/>
        <line num="277" count="0" type="stmt"/>
        <line num="278" count="0" type="cond" truecount="0" falsecount="3"/>
        <line num="282" count="0" type="stmt"/>
        <line num="283" count="0" type="cond" truecount="0" falsecount="2"/>
        <line num="287" count="1" type="stmt"/>
        <line num="288" count="1" type="stmt"/>
        <line num="292" count="0" type="stmt"/>
        <line num="293" count="0" type="stmt"/>
        <line num="294" count="0" type="cond" truecount="0" falsecount="3"/>
        <line num="295" count="0" type="stmt"/>
        <line num="299" count="0" type="stmt"/>
        <line num="303" count="0" type="stmt"/>
        <line num="304" count="0" type="cond" truecount="0" falsecount="2"/>
        <line num="308" count="0" type="stmt"/>
        <line num="309" count="0" type="stmt"/>
        <line num="310" count="0" type="cond" truecount="0" falsecount="2"/>
        <line num="311" count="0" type="stmt"/>
        <line num="313" count="0" type="stmt"/>
        <line num="314" count="0" type="stmt"/>
        <line num="315" count="0" type="stmt"/>
        <line num="320" count="0" type="stmt"/>
        <line num="321" count="0" type="cond" truecount="0" falsecount="2"/>
        <line num="325" count="0" type="stmt"/>
        <line num="329" count="234" type="stmt"/>
        <line num="330" count="234" type="cond" truecount="2" falsecount="0"/>
        <line num="332" count="134" type="stmt"/>
        <line num="333" count="134" type="stmt"/>
        <line num="334" count="134" type="cond" truecount="1" falsecount="1"/>
        <line num="336" count="0" type="stmt"/>
        <line num="341" count="118" type="stmt"/>
        <line num="347" count="66" type="cond" truecount="1" falsecount="1"/>
        <line num="348" count="0" type="stmt"/>
        <line num="352" count="91" type="stmt"/>
        <line num="353" count="91" type="cond" truecount="2" falsecount="0"/>
        <line num="355" count="31" type="stmt"/>
        <line num="356" count="31" type="stmt"/>
        <line num="357" count="31" type="stmt"/>
        <line num="366" count="24" type="stmt"/>
        <line num="367" count="24" type="stmt"/>
        <line num="368" count="24" type="cond" truecount="2" falsecount="0"/>
        <line num="370" count="2" type="stmt"/>
        <line num="371" count="2" type="stmt"/>
        <line num="372" count="2" type="stmt"/>
      </file>
    </package>
    <package name="services">
      <metrics statements="676" coveredstatements="512" conditionals="428" coveredconditionals="235" methods="151" coveredmethods="119"/>
      <file name="AccountService.ts" path="/Users/admin/Projects/my-stocks/packages/domain/src/services/AccountService.ts">
        <metrics statements="40" coveredstatements="31" conditionals="16" coveredconditionals="13" methods="8" coveredmethods="5"/>
        <line num="26" count="18" type="stmt"/>
        <line num="29" count="3" type="stmt"/>
        <line num="30" count="3" type="stmt"/>
        <line num="32" count="3" type="stmt"/>
        <line num="40" count="3" type="stmt"/>
        <line num="41" count="3" type="stmt"/>
        <line num="45" count="1" type="stmt"/>
        <line num="46" count="1" type="cond" truecount="1" falsecount="1"/>
        <line num="47" count="0" type="stmt"/>
        <line num="50" count="1" type="stmt"/>
        <line num="57" count="1" type="stmt"/>
        <line num="58" count="1" type="stmt"/>
        <line num="62" count="0" type="stmt"/>
        <line num="66" count="0" type="stmt"/>
        <line num="70" count="11" type="stmt"/>
        <line num="71" count="11" type="stmt"/>
        <line num="72" count="11" type="stmt"/>
        <line num="73" count="11" type="stmt"/>
        <line num="75" count="11" type="stmt"/>
        <line num="76" count="26" type="stmt"/>
        <line num="77" count="26" type="cond" truecount="2" falsecount="0"/>
        <line num="79" count="26" type="cond" truecount="2" falsecount="0"/>
        <line num="80" count="19" type="stmt"/>
        <line num="87" count="19" type="stmt"/>
        <line num="88" count="19" type="stmt"/>
        <line num="89" count="7" type="cond" truecount="2" falsecount="0"/>
        <line num="90" count="1" type="stmt"/>
        <line num="95" count="1" type="stmt"/>
        <line num="96" count="1" type="stmt"/>
        <line num="98" count="6" type="stmt"/>
        <line num="102" count="11" type="stmt"/>
        <line num="106" count="7" type="cond" truecount="2" falsecount="0"/>
        <line num="107" count="6" type="cond" truecount="2" falsecount="0"/>
        <line num="108" count="7" type="stmt"/>
        <line num="117" count="0" type="stmt"/>
        <line num="118" count="0" type="stmt"/>
        <line num="120" count="0" type="stmt"/>
        <line num="121" count="0" type="stmt"/>
        <line num="122" count="0" type="cond" truecount="0" falsecount="2"/>
        <line num="124" count="0" type="stmt"/>
      </file>
      <file name="ImportOrchestrator.ts" path="/Users/admin/Projects/my-stocks/packages/domain/src/services/ImportOrchestrator.ts">
        <metrics statements="272" coveredstatements="169" conditionals="179" coveredconditionals="78" methods="62" coveredmethods="40"/>
        <line num="56" count="7" type="stmt"/>
        <line num="59" count="14" type="stmt"/>
        <line num="68" count="3" type="stmt"/>
        <line num="69" count="3" type="stmt"/>
        <line num="70" count="3" type="stmt"/>
        <line num="71" count="3" type="stmt"/>
        <line num="81" count="8" type="stmt"/>
        <line num="82" count="8" type="stmt"/>
        <line num="83" count="8" type="stmt"/>
        <line num="85" count="8" type="stmt"/>
        <line num="86" count="8" type="stmt"/>
        <line num="88" count="8" type="stmt"/>
        <line num="102" count="8" type="stmt"/>
        <line num="104" count="8" type="stmt"/>
        <line num="105" count="8" type="stmt"/>
        <line num="107" count="8" type="stmt"/>
        <line num="111" count="31" type="stmt"/>
        <line num="125" count="8" type="stmt"/>
        <line num="126" count="8" type="stmt"/>
        <line num="128" count="8" type="stmt"/>
        <line num="138" count="8" type="stmt"/>
        <line num="140" count="8" type="stmt"/>
        <line num="147" count="0" type="stmt"/>
        <line num="153" count="0" type="stmt"/>
        <line num="154" count="0" type="stmt"/>
        <line num="159" count="0" type="stmt"/>
        <line num="160" count="0" type="cond" truecount="0" falsecount="4"/>
        <line num="162" count="0" type="stmt"/>
        <line num="163" count="0" type="stmt"/>
        <line num="165" count="0" type="stmt"/>
        <line num="167" count="0" type="stmt"/>
        <line num="173" count="0" type="stmt"/>
        <line num="174" count="0" type="stmt"/>
        <line num="178" count="11" type="stmt"/>
        <line num="179" count="11" type="cond" truecount="1" falsecount="1"/>
        <line num="180" count="0" type="stmt"/>
        <line num="182" count="11" type="stmt"/>
        <line num="186" count="11" type="stmt"/>
        <line num="187" count="11" type="cond" truecount="1" falsecount="1"/>
        <line num="188" count="0" type="stmt"/>
        <line num="191" count="11" type="cond" truecount="1" falsecount="1"/>
        <line num="192" count="0" type="stmt"/>
        <line num="195" count="11" type="stmt"/>
        <line num="196" count="11" type="cond" truecount="1" falsecount="1"/>
        <line num="197" count="0" type="stmt"/>
        <line num="200" count="11" type="stmt"/>
        <line num="202" count="11" type="stmt"/>
        <line num="213" count="7" type="stmt"/>
        <line num="215" count="7" type="stmt"/>
        <line num="218" count="0" type="stmt"/>
        <line num="219" count="0" type="cond" truecount="0" falsecount="2"/>
        <line num="220" count="0" type="stmt"/>
        <line num="229" count="0" type="stmt"/>
        <line num="230" count="0" type="stmt"/>
        <line num="231" count="0" type="stmt"/>
        <line num="232" count="0" type="stmt"/>
        <line num="233" count="0" type="stmt"/>
        <line num="235" count="0" type="stmt"/>
        <line num="236" count="0" type="stmt"/>
        <line num="249" count="0" type="stmt"/>
        <line num="252" count="0" type="cond" truecount="0" falsecount="2"/>
        <line num="253" count="0" type="stmt"/>
        <line num="254" count="0" type="cond" truecount="0" falsecount="2"/>
        <line num="259" count="0" type="stmt"/>
        <line num="263" count="0" type="stmt"/>
        <line num="267" count="0" type="stmt"/>
        <line num="268" count="0" type="stmt"/>
        <line num="269" count="0" type="stmt"/>
        <line num="270" count="0" type="stmt"/>
        <line num="275" count="7" type="stmt"/>
        <line num="277" count="7" type="stmt"/>
        <line num="280" count="11" type="stmt"/>
        <line num="281" count="11" type="cond" truecount="1" falsecount="1"/>
        <line num="282" count="0" type="stmt"/>
        <line num="291" count="11" type="stmt"/>
        <line num="292" count="11" type="stmt"/>
        <line num="293" count="11" type="stmt"/>
        <line num="294" count="16" type="stmt"/>
        <line num="297" count="11" type="stmt"/>
        <line num="298" count="44" type="stmt"/>
        <line num="310" count="11" type="stmt"/>
        <line num="313" count="44" type="cond" truecount="2" falsecount="0"/>
        <line num="314" count="44" type="stmt"/>
        <line num="315" count="44" type="cond" truecount="2" falsecount="0"/>
        <line num="320" count="8" type="stmt"/>
        <line num="323" count="8" type="stmt"/>
        <line num="324" count="8" type="stmt"/>
        <line num="325" count="31" type="cond" truecount="1" falsecount="1"/>
        <line num="326" count="31" type="stmt"/>
        <line num="331" count="8" type="stmt"/>
        <line num="332" count="8" type="stmt"/>
        <line num="333" count="8" type="cond" truecount="2" falsecount="0"/>
        <line num="334" count="2" type="stmt"/>
        <line num="335" count="1" type="stmt"/>
        <line num="339" count="8" type="stmt"/>
        <line num="340" count="8" type="stmt"/>
        <line num="341" count="8" type="stmt"/>
        <line num="344" count="8" type="stmt"/>
        <line num="345" count="8" type="stmt"/>
        <line num="346" count="26" type="stmt"/>
        <line num="347" count="26" type="stmt"/>
        <line num="348" count="26" type="stmt"/>
        <line num="350" count="26" type="cond" truecount="2" falsecount="0"/>
        <line num="352" count="1" type="stmt"/>
        <line num="361" count="25" type="stmt"/>
        <line num="368" count="8" type="cond" truecount="2" falsecount="0"/>
        <line num="369" count="7" type="stmt"/>
        <line num="374" count="0" type="stmt"/>
        <line num="375" count="0" type="stmt"/>
        <line num="376" count="0" type="stmt"/>
        <line num="377" count="0" type="stmt"/>
        <line num="392" count="0" type="stmt"/>
        <line num="393" count="0" type="cond" truecount="0" falsecount="2"/>
        <line num="394" count="0" type="stmt"/>
        <line num="404" count="0" type="stmt"/>
        <line num="414" count="0" type="stmt"/>
        <line num="420" count="0" type="cond" truecount="0" falsecount="2"/>
        <line num="421" count="0" type="stmt"/>
        <line num="430" count="0" type="stmt"/>
        <line num="432" count="0" type="stmt"/>
        <line num="434" count="0" type="stmt"/>
        <line num="455" count="44" type="stmt"/>
        <line num="456" count="44" type="cond" truecount="1" falsecount="1"/>
        <line num="457" count="0" type="stmt"/>
        <line num="467" count="44" type="stmt"/>
        <line num="478" count="44" type="stmt"/>
        <line num="479" count="44" type="cond" truecount="2" falsecount="0"/>
        <line num="480" count="12" type="stmt"/>
        <line num="492" count="32" type="cond" truecount="1" falsecount="1"/>
        <line num="493" count="32" type="stmt"/>
        <line num="494" count="32" type="cond" truecount="4" falsecount="0"/>
        <line num="495" count="2" type="stmt"/>
        <line num="507" count="30" type="stmt"/>
        <line num="522" count="0" type="stmt"/>
        <line num="523" count="0" type="stmt"/>
        <line num="524" count="0" type="cond" truecount="0" falsecount="2"/>
        <line num="525" count="0" type="cond" truecount="0" falsecount="2"/>
        <line num="526" count="0" type="cond" truecount="0" falsecount="2"/>
        <line num="529" count="0" type="stmt"/>
        <line num="530" count="0" type="stmt"/>
        <line num="531" count="0" type="cond" truecount="0" falsecount="2"/>
        <line num="532" count="0" type="stmt"/>
        <line num="533" count="0" type="stmt"/>
        <line num="534" count="0" type="stmt"/>
        <line num="535" count="0" type="cond" truecount="0" falsecount="2"/>
        <line num="536" count="0" type="cond" truecount="0" falsecount="2"/>
        <line num="537" count="0" type="stmt"/>
        <line num="538" count="0" type="cond" truecount="0" falsecount="2"/>
        <line num="539" count="0" type="cond" truecount="0" falsecount="2"/>
        <line num="541" count="0" type="cond" truecount="0" falsecount="8"/>
        <line num="542" count="0" type="stmt"/>
        <line num="548" count="0" type="cond" truecount="0" falsecount="4"/>
        <line num="549" count="0" type="stmt"/>
        <line num="551" count="0" type="stmt"/>
        <line num="553" count="0" type="stmt"/>
        <line num="554" count="0" type="stmt"/>
        <line num="555" count="0" type="stmt"/>
        <line num="557" count="0" type="cond" truecount="0" falsecount="4"/>
        <line num="558" count="0" type="stmt"/>
        <line num="561" count="0" type="cond" truecount="0" falsecount="4"/>
        <line num="562" count="0" type="stmt"/>
        <line num="565" count="0" type="cond" truecount="0" falsecount="4"/>
        <line num="566" count="0" type="stmt"/>
        <line num="569" count="0" type="stmt"/>
        <line num="592" count="44" type="stmt"/>
        <line num="593" count="352" type="stmt"/>
        <line num="594" count="352" type="cond" truecount="1" falsecount="1"/>
        <line num="595" count="352" type="cond" truecount="2" falsecount="0"/>
        <line num="596" count="352" type="cond" truecount="1" falsecount="1"/>
        <line num="599" count="44" type="stmt"/>
        <line num="600" count="44" type="stmt"/>
        <line num="601" count="44" type="stmt"/>
        <line num="602" count="44" type="stmt"/>
        <line num="603" count="44" type="stmt"/>
        <line num="604" count="44" type="stmt"/>
        <line num="605" count="44" type="stmt"/>
        <line num="606" count="44" type="stmt"/>
        <line num="608" count="44" type="cond" truecount="8" falsecount="1"/>
        <line num="609" count="0" type="stmt"/>
        <line num="615" count="44" type="stmt"/>
        <line num="616" count="44" type="stmt"/>
        <line num="617" count="44" type="cond" truecount="1" falsecount="1"/>
        <line num="618" count="44" type="stmt"/>
        <line num="620" count="44" type="cond" truecount="3" falsecount="1"/>
        <line num="621" count="0" type="stmt"/>
        <line num="623" count="44" type="cond" truecount="3" falsecount="1"/>
        <line num="624" count="0" type="stmt"/>
        <line num="626" count="44" type="cond" truecount="1" falsecount="1"/>
        <line num="627" count="0" type="stmt"/>
        <line num="629" count="44" type="cond" truecount="4" falsecount="1"/>
        <line num="630" count="0" type="stmt"/>
        <line num="634" count="44" type="stmt"/>
        <line num="639" count="44" type="cond" truecount="2" falsecount="0"/>
        <line num="640" count="44" type="cond" truecount="1" falsecount="1"/>
        <line num="641" count="44" type="stmt"/>
        <line num="642" count="44" type="cond" truecount="1" falsecount="1"/>
        <line num="643" count="44" type="stmt"/>
        <line num="647" count="44" type="stmt"/>
        <line num="662" count="0" type="cond" truecount="0" falsecount="2"/>
        <line num="663" count="0" type="stmt"/>
        <line num="664" count="0" type="cond" truecount="0" falsecount="2"/>
        <line num="666" count="0" type="cond" truecount="0" falsecount="2"/>
        <line num="669" count="0" type="stmt"/>
        <line num="670" count="0" type="stmt"/>
        <line num="674" count="0" type="stmt"/>
        <line num="678" count="44" type="stmt"/>
        <line num="679" count="44" type="stmt"/>
        <line num="683" count="85" type="cond" truecount="1" falsecount="1"/>
        <line num="688" count="121" type="cond" truecount="1" falsecount="1"/>
        <line num="692" count="11" type="stmt"/>
        <line num="694" count="55" type="stmt"/>
        <line num="695" count="55" type="stmt"/>
        <line num="697" count="11" type="cond" truecount="1" falsecount="1"/>
        <line num="699" count="11" type="stmt"/>
        <line num="700" count="11" type="stmt"/>
        <line num="702" count="11" type="stmt"/>
        <line num="703" count="44" type="stmt"/>
        <line num="704" count="44" type="stmt"/>
        <line num="705" count="44" type="stmt"/>
        <line num="706" count="352" type="cond" truecount="1" falsecount="1"/>
        <line num="708" count="44" type="stmt"/>
        <line num="711" count="11" type="stmt"/>
        <line num="715" count="55" type="stmt"/>
        <line num="716" count="55" type="stmt"/>
        <line num="717" count="55" type="stmt"/>
        <line num="719" count="55" type="stmt"/>
        <line num="720" count="4503" type="stmt"/>
        <line num="722" count="4503" type="cond" truecount="5" falsecount="0"/>
        <line num="723" count="264" type="stmt"/>
        <line num="724" count="264" type="cond" truecount="3" falsecount="1"/>
        <line num="725" count="0" type="stmt"/>
        <line num="726" count="0" type="stmt"/>
        <line num="728" count="264" type="stmt"/>
        <line num="730" count="264" type="stmt"/>
        <line num="733" count="4239" type="cond" truecount="4" falsecount="0"/>
        <line num="734" count="385" type="stmt"/>
        <line num="735" count="385" type="stmt"/>
        <line num="736" count="385" type="stmt"/>
        <line num="739" count="3854" type="stmt"/>
        <line num="742" count="55" type="stmt"/>
        <line num="743" count="440" type="stmt"/>
        <line num="747" count="44" type="stmt"/>
        <line num="748" count="44" type="cond" truecount="1" falsecount="1"/>
        <line num="749" count="44" type="stmt"/>
        <line num="750" count="44" type="stmt"/>
        <line num="754" count="132" type="stmt"/>
        <line num="755" count="132" type="cond" truecount="1" falsecount="1"/>
        <line num="756" count="132" type="stmt"/>
        <line num="760" count="352" type="stmt"/>
        <line num="769" count="83" type="stmt"/>
        <line num="773" count="144" type="stmt"/>
        <line num="777" count="31" type="stmt"/>
        <line num="779" count="248" type="stmt"/>
        <line num="782" count="31" type="stmt"/>
        <line num="783" count="31" type="stmt"/>
        <line num="784" count="4827" type="stmt"/>
        <line num="785" count="4827" type="stmt"/>
        <line num="788" count="31" type="stmt"/>
        <line num="794" count="1" type="stmt"/>
        <line num="800" count="44" type="cond" truecount="1" falsecount="1"/>
        <line num="804" count="11" type="cond" truecount="1" falsecount="1"/>
        <line num="805" count="77" type="stmt"/>
        <line num="806" count="11" type="cond" truecount="1" falsecount="1"/>
        <line num="807" count="0" type="stmt"/>
        <line num="812" count="11" type="stmt"/>
        <line num="813" count="11" type="cond" truecount="1" falsecount="1"/>
        <line num="814" count="0" type="stmt"/>
        <line num="824" count="0" type="stmt"/>
        <line num="825" count="0" type="cond" truecount="0" falsecount="2"/>
        <line num="827" count="0" type="cond" truecount="0" falsecount="2"/>
        <line num="829" count="0" type="cond" truecount="0" falsecount="2"/>
        <line num="831" count="0" type="stmt"/>
      </file>
      <file name="ImportRunQueryService.ts" path="/Users/admin/Projects/my-stocks/packages/domain/src/services/ImportRunQueryService.ts">
        <metrics statements="19" coveredstatements="15" conditionals="9" coveredconditionals="4" methods="5" coveredmethods="3"/>
        <line num="5" count="7" type="stmt"/>
        <line num="8" count="1" type="stmt"/>
        <line num="9" count="1" type="stmt"/>
        <line num="10" count="1" type="cond" truecount="1" falsecount="1"/>
        <line num="12" count="1" type="stmt"/>
        <line num="14" count="1" type="stmt"/>
        <line num="15" count="1" type="stmt"/>
        <line num="16" count="1" type="stmt"/>
        <line num="17" count="1" type="stmt"/>
        <line num="18" count="4" type="cond" truecount="2" falsecount="3"/>
        <line num="19" count="0" type="stmt"/>
        <line num="20" count="4" type="cond" truecount="1" falsecount="1"/>
        <line num="21" count="0" type="stmt"/>
        <line num="23" count="4" type="stmt"/>
        <line num="27" count="1" type="stmt"/>
        <line num="28" count="1" type="stmt"/>
        <line num="30" count="1" type="stmt"/>
        <line num="39" count="0" type="stmt"/>
        <line num="43" count="0" type="stmt"/>
      </file>
      <file name="PatternFitCheck.ts" path="/Users/admin/Projects/my-stocks/packages/domain/src/services/PatternFitCheck.ts">
        <metrics statements="52" coveredstatements="37" conditionals="40" coveredconditionals="20" methods="14" coveredmethods="13"/>
        <line num="12" count="11" type="stmt"/>
        <line num="13" count="11" type="cond" truecount="1" falsecount="1"/>
        <line num="14" count="0" type="stmt"/>
        <line num="17" count="11" type="stmt"/>
        <line num="19" count="11" type="cond" truecount="1" falsecount="1"/>
        <line num="20" count="77" type="stmt"/>
        <line num="21" count="77" type="cond" truecount="2" falsecount="0"/>
        <line num="22" count="77" type="stmt"/>
        <line num="24" count="77" type="stmt"/>
        <line num="25" count="11" type="cond" truecount="1" falsecount="1"/>
        <line num="26" count="0" type="stmt"/>
        <line num="33" count="11" type="stmt"/>
        <line num="34" count="88" type="stmt"/>
        <line num="35" count="88" type="stmt"/>
        <line num="37" count="88" type="stmt"/>
        <line num="38" count="11" type="cond" truecount="1" falsecount="1"/>
        <line num="42" count="11" type="cond" truecount="1" falsecount="1"/>
        <line num="43" count="11" type="stmt"/>
        <line num="50" count="0" type="stmt"/>
        <line num="58" count="11" type="cond" truecount="2" falsecount="0"/>
        <line num="59" count="11" type="cond" truecount="1" falsecount="1"/>
        <line num="62" count="0" type="cond" truecount="0" falsecount="3"/>
        <line num="66" count="11" type="cond" truecount="1" falsecount="1"/>
        <line num="68" count="0" type="cond" truecount="0" falsecount="2"/>
        <line num="69" count="0" type="stmt"/>
        <line num="76" count="0" type="stmt"/>
        <line num="80" count="0" type="cond" truecount="0" falsecount="2"/>
        <line num="81" count="0" type="stmt"/>
        <line num="85" count="11" type="stmt"/>
        <line num="87" count="55" type="stmt"/>
        <line num="88" count="11" type="stmt"/>
        <line num="90" count="11" type="cond" truecount="1" falsecount="1"/>
        <line num="92" count="11" type="stmt"/>
        <line num="96" count="11" type="stmt"/>
        <line num="97" count="11" type="stmt"/>
        <line num="98" count="11" type="stmt"/>
        <line num="100" count="11" type="stmt"/>
        <line num="101" count="858" type="stmt"/>
        <line num="103" count="858" type="cond" truecount="4" falsecount="1"/>
        <line num="104" count="0" type="stmt"/>
        <line num="105" count="0" type="cond" truecount="0" falsecount="4"/>
        <line num="106" count="0" type="stmt"/>
        <line num="107" count="0" type="stmt"/>
        <line num="109" count="0" type="stmt"/>
        <line num="111" count="0" type="stmt"/>
        <line num="114" count="858" type="cond" truecount="4" falsecount="0"/>
        <line num="115" count="77" type="stmt"/>
        <line num="116" count="77" type="stmt"/>
        <line num="117" count="77" type="stmt"/>
        <line num="120" count="781" type="stmt"/>
        <line num="123" count="11" type="stmt"/>
        <line num="124" count="11" type="stmt"/>
      </file>
      <file name="PortfolioImportService.ts" path="/Users/admin/Projects/my-stocks/packages/domain/src/services/PortfolioImportService.ts">
        <metrics statements="21" coveredstatements="10" conditionals="8" coveredconditionals="0" methods="4" coveredmethods="3"/>
        <line num="19" count="7" type="stmt"/>
        <line num="23" count="7" type="stmt"/>
        <line num="32" count="3" type="stmt"/>
        <line num="33" count="3" type="stmt"/>
        <line num="34" count="3" type="stmt"/>
        <line num="40" count="3" type="stmt"/>
        <line num="42" count="0" type="stmt"/>
        <line num="46" count="0" type="stmt"/>
        <line num="57" count="8" type="stmt"/>
        <line num="58" count="8" type="stmt"/>
        <line num="59" count="8" type="stmt"/>
        <line num="66" count="8" type="stmt"/>
        <line num="68" count="0" type="stmt"/>
        <line num="72" count="0" type="stmt"/>
        <line num="77" count="0" type="stmt"/>
        <line num="78" count="0" type="stmt"/>
        <line num="79" count="0" type="cond" truecount="0" falsecount="2"/>
        <line num="80" count="0" type="stmt"/>
        <line num="82" count="0" type="stmt"/>
        <line num="84" count="0" type="stmt"/>
        <line num="88" count="0" type="stmt"/>
      </file>
      <file name="PsagotApiClient.ts" path="/Users/admin/Projects/my-stocks/packages/domain/src/services/PsagotApiClient.ts">
        <metrics statements="78" coveredstatements="66" conditionals="91" coveredconditionals="53" methods="11" coveredmethods="11"/>
        <line num="10" count="1" type="stmt"/>
        <line num="11" count="1" type="stmt"/>
        <line num="12" count="1" type="stmt"/>
        <line num="13" count="1" type="stmt"/>
        <line num="14" count="1" type="stmt"/>
        <line num="24" count="5" type="stmt"/>
        <line num="28" count="13" type="cond" truecount="3" falsecount="1"/>
        <line num="29" count="13" type="stmt"/>
        <line num="31" count="0" type="stmt"/>
        <line num="35" count="14" type="stmt"/>
        <line num="38" count="13" type="stmt"/>
        <line num="41" count="13" type="stmt"/>
        <line num="42" count="13" type="stmt"/>
        <line num="57" count="1" type="stmt"/>
        <line num="62" count="12" type="cond" truecount="4" falsecount="0"/>
        <line num="63" count="1" type="stmt"/>
        <line num="66" count="11" type="stmt"/>
        <line num="68" count="11" type="cond" truecount="1" falsecount="1"/>
        <line num="69" count="0" type="stmt"/>
        <line num="72" count="11" type="stmt"/>
        <line num="73" count="11" type="cond" truecount="1" falsecount="1"/>
        <line num="74" count="0" type="stmt"/>
        <line num="77" count="11" type="stmt"/>
        <line num="90" count="9" type="stmt"/>
        <line num="91" count="9" type="stmt"/>
        <line num="108" count="0" type="stmt"/>
        <line num="113" count="9" type="cond" truecount="3" falsecount="1"/>
        <line num="114" count="0" type="stmt"/>
        <line num="117" count="9" type="stmt"/>
        <line num="119" count="9" type="cond" truecount="2" falsecount="0"/>
        <line num="120" count="1" type="stmt"/>
        <line num="121" count="1" type="cond" truecount="2" falsecount="2"/>
        <line num="122" count="1" type="stmt"/>
        <line num="124" count="0" type="cond" truecount="0" falsecount="2"/>
        <line num="125" count="0" type="stmt"/>
        <line num="127" count="0" type="stmt"/>
        <line num="130" count="8" type="stmt"/>
        <line num="131" count="8" type="cond" truecount="1" falsecount="1"/>
        <line num="132" count="0" type="stmt"/>
        <line num="135" count="8" type="stmt"/>
        <line num="144" count="5" type="stmt"/>
        <line num="146" count="5" type="stmt"/>
        <line num="151" count="3" type="stmt"/>
        <line num="152" count="3" type="cond" truecount="1" falsecount="1"/>
        <line num="153" count="0" type="stmt"/>
        <line num="156" count="3" type="stmt"/>
        <line num="157" count="3" type="stmt"/>
        <line num="158" count="3" type="stmt"/>
        <line num="167" count="2" type="stmt"/>
        <line num="169" count="2" type="stmt"/>
        <line num="170" count="2" type="stmt"/>
        <line num="172" count="2" type="stmt"/>
        <line num="173" count="2" type="stmt"/>
        <line num="174" count="2" type="cond" truecount="1" falsecount="1"/>
        <line num="176" count="2" type="cond" truecount="1" falsecount="1"/>
        <line num="177" count="2" type="stmt"/>
        <line num="178" count="2" type="cond" truecount="1" falsecount="1"/>
        <line num="180" count="2" type="stmt"/>
        <line num="181" count="2" type="stmt"/>
        <line num="182" count="1" type="cond" truecount="1" falsecount="1"/>
        <line num="183" count="1" type="stmt"/>
        <line num="184" count="1" type="cond" truecount="3" falsecount="1"/>
        <line num="185" count="1" type="stmt"/>
        <line num="189" count="2" type="stmt"/>
        <line num="190" count="1" type="cond" truecount="1" falsecount="1"/>
        <line num="191" count="1" type="stmt"/>
        <line num="211" count="7" type="cond" truecount="4" falsecount="0"/>
        <line num="212" count="1" type="stmt"/>
        <line num="221" count="6" type="stmt"/>
        <line num="222" count="6" type="stmt"/>
        <line num="232" count="0" type="stmt"/>
        <line num="237" count="6" type="stmt"/>
        <line num="239" count="6" type="cond" truecount="5" falsecount="0"/>
        <line num="240" count="1" type="stmt"/>
        <line num="241" count="1" type="cond" truecount="1" falsecount="1"/>
        <line num="242" count="1" type="stmt"/>
        <line num="244" count="0" type="stmt"/>
        <line num="247" count="5" type="stmt"/>
      </file>
      <file name="PsagotApiImportHandler.ts" path="/Users/admin/Projects/my-stocks/packages/domain/src/services/PsagotApiImportHandler.ts">
        <metrics statements="17" coveredstatements="17" conditionals="14" coveredconditionals="14" methods="6" coveredmethods="6"/>
        <line num="18" count="34" type="cond" truecount="2" falsecount="0"/>
        <line num="20" count="2" type="stmt"/>
        <line num="21" count="2" type="cond" truecount="2" falsecount="0"/>
        <line num="23" count="1" type="stmt"/>
        <line num="27" count="28" type="stmt"/>
        <line num="28" count="28" type="stmt"/>
        <line num="31" count="32" type="stmt"/>
        <line num="32" count="32" type="stmt"/>
        <line num="34" count="32" type="stmt"/>
        <line num="35" count="38" type="stmt"/>
        <line num="37" count="34" type="cond" truecount="2" falsecount="0"/>
        <line num="38" count="34" type="cond" truecount="2" falsecount="0"/>
        <line num="40" count="34" type="stmt"/>
        <line num="61" count="38" type="cond" truecount="2" falsecount="0"/>
        <line num="62" count="37" type="cond" truecount="2" falsecount="0"/>
        <line num="63" count="35" type="cond" truecount="2" falsecount="0"/>
        <line num="64" count="34" type="stmt"/>
      </file>
      <file name="PsagotApiSyncService.ts" path="/Users/admin/Projects/my-stocks/packages/domain/src/services/PsagotApiSyncService.ts">
        <metrics statements="58" coveredstatements="57" conditionals="12" coveredconditionals="10" methods="11" coveredmethods="11"/>
        <line num="49" count="9" type="stmt"/>
        <line num="50" count="9" type="stmt"/>
        <line num="51" count="9" type="stmt"/>
        <line num="55" count="13" type="stmt"/>
        <line num="56" count="13" type="stmt"/>
        <line num="59" count="13" type="stmt"/>
        <line num="63" count="13" type="stmt"/>
        <line num="64" count="6" type="stmt"/>
        <line num="68" count="13" type="stmt"/>
        <line num="79" count="13" type="stmt"/>
        <line num="80" count="13" type="stmt"/>
        <line num="81" count="5" type="stmt"/>
        <line num="84" count="16" type="stmt"/>
        <line num="86" count="13" type="stmt"/>
        <line num="87" count="13" type="stmt"/>
        <line num="88" count="13" type="stmt"/>
        <line num="90" count="13" type="stmt"/>
        <line num="92" count="13" type="stmt"/>
        <line num="93" count="16" type="stmt"/>
        <line num="94" count="16" type="cond" truecount="2" falsecount="0"/>
        <line num="96" count="13" type="stmt"/>
        <line num="97" count="13" type="stmt"/>
        <line num="100" count="3" type="stmt"/>
        <line num="105" count="3" type="stmt"/>
        <line num="110" count="13" type="stmt"/>
        <line num="111" count="13" type="stmt"/>
        <line num="112" count="5" type="cond" truecount="2" falsecount="0"/>
        <line num="113" count="2" type="stmt"/>
        <line num="118" count="2" type="stmt"/>
        <line num="123" count="13" type="stmt"/>
        <line num="137" count="13" type="stmt"/>
        <line num="139" count="13" type="cond" truecount="2" falsecount="0"/>
        <line num="140" count="12" type="stmt"/>
        <line num="143" count="13" type="stmt"/>
        <line num="151" count="13" type="stmt"/>
        <line num="153" count="13" type="stmt"/>
        <line num="163" count="1" type="stmt"/>
        <line num="164" count="1" type="stmt"/>
        <line num="166" count="1" type="stmt"/>
        <line num="167" count="2" type="stmt"/>
        <line num="168" count="2" type="stmt"/>
        <line num="175" count="2" type="stmt"/>
        <line num="177" count="0" type="stmt"/>
        <line num="184" count="1" type="stmt"/>
        <line num="186" count="2" type="stmt"/>
        <line num="187" count="2" type="stmt"/>
        <line num="188" count="2" type="stmt"/>
        <line num="189" count="2" type="stmt"/>
        <line num="195" count="1" type="stmt"/>
        <line num="196" count="1" type="cond" truecount="3" falsecount="1"/>
        <line num="198" count="1" type="stmt"/>
        <line num="199" count="1" type="stmt"/>
        <line num="200" count="1" type="stmt"/>
        <line num="206" count="1" type="cond" truecount="1" falsecount="1"/>
        <line num="207" count="1" type="stmt"/>
        <line num="210" count="1" type="stmt"/>
        <line num="215" count="1" type="stmt"/>
        <line num="217" count="1" type="stmt"/>
      </file>
      <file name="SecurityLotQueryService.ts" path="/Users/admin/Projects/my-stocks/packages/domain/src/services/SecurityLotQueryService.ts">
        <metrics statements="49" coveredstatements="46" conditionals="23" coveredconditionals="18" methods="17" coveredmethods="15"/>
        <line num="52" count="7" type="stmt"/>
        <line num="55" count="4" type="stmt"/>
        <line num="56" count="4" type="stmt"/>
        <line num="57" count="4" type="stmt"/>
        <line num="59" count="4" type="stmt"/>
        <line num="60" count="0" type="stmt"/>
        <line num="63" count="4" type="stmt"/>
        <line num="65" count="7" type="cond" truecount="2" falsecount="0"/>
        <line num="66" count="7" type="stmt"/>
        <line num="69" count="16" type="cond" truecount="3" falsecount="0"/>
        <line num="71" count="4" type="stmt"/>
        <line num="72" count="4" type="stmt"/>
        <line num="73" count="6" type="stmt"/>
        <line num="74" count="2" type="stmt"/>
        <line num="76" count="4" type="stmt"/>
        <line num="85" count="4" type="stmt"/>
        <line num="86" count="5" type="cond" truecount="1" falsecount="1"/>
        <line num="91" count="4" type="stmt"/>
        <line num="92" count="4" type="stmt"/>
        <line num="93" count="16" type="stmt"/>
        <line num="94" count="16" type="cond" truecount="2" falsecount="0"/>
        <line num="95" count="10" type="stmt"/>
        <line num="97" count="6" type="stmt"/>
        <line num="100" count="4" type="stmt"/>
        <line num="108" count="6" type="stmt"/>
        <line num="109" count="10" type="stmt"/>
        <line num="110" count="10" type="cond" truecount="1" falsecount="1"/>
        <line num="111" count="0" type="stmt"/>
        <line num="114" count="16" type="stmt"/>
        <line num="129" count="6" type="stmt"/>
        <line num="130" count="6" type="stmt"/>
        <line num="133" count="6" type="cond" truecount="3" falsecount="1"/>
        <line num="134" count="6" type="stmt"/>
        <line num="137" count="6" type="stmt"/>
        <line num="139" count="6" type="stmt"/>
        <line num="158" count="6" type="stmt"/>
        <line num="159" count="6" type="stmt"/>
        <line num="160" count="16" type="stmt"/>
        <line num="161" count="16" type="cond" truecount="2" falsecount="0"/>
        <line num="162" count="10" type="stmt"/>
        <line num="164" count="6" type="stmt"/>
        <line num="168" count="6" type="stmt"/>
        <line num="170" count="6" type="stmt"/>
        <line num="171" count="6" type="stmt"/>
        <line num="172" count="6" type="stmt"/>
        <line num="173" count="16" type="stmt"/>
        <line num="174" count="16" type="stmt"/>
        <line num="177" count="6" type="stmt"/>
        <line num="187" count="0" type="stmt"/>
      </file>
      <file name="TotalHoldingsStateBuilder.ts" path="/Users/admin/Projects/my-stocks/packages/domain/src/services/TotalHoldingsStateBuilder.ts">
        <metrics statements="55" coveredstatements="49" conditionals="26" coveredconditionals="17" methods="12" coveredmethods="11"/>
        <line num="6" count="7" type="stmt"/>
        <line num="9" count="1" type="cond" truecount="1" falsecount="1"/>
        <line num="13" count="0" type="cond" truecount="1" falsecount="1"/>
        <line num="17" count="0" type="stmt"/>
        <line num="19" count="1" type="cond" truecount="2" falsecount="0"/>
        <line num="20" count="1" type="stmt"/>
        <line num="23" count="4" type="stmt"/>
        <line num="25" count="0" type="stmt"/>
        <line num="26" count="0" type="stmt"/>
        <line num="27" count="4" type="stmt"/>
        <line num="28" count="4" type="stmt"/>
        <line num="29" count="4" type="cond" truecount="2" falsecount="0"/>
        <line num="30" count="3" type="stmt"/>
        <line num="32" count="1" type="stmt"/>
        <line num="36" count="1" type="stmt"/>
        <line num="37" count="1" type="stmt"/>
        <line num="38" count="0" type="stmt"/>
        <line num="40" count="1" type="stmt"/>
        <line num="41" count="1" type="stmt"/>
        <line num="42" count="1" type="stmt"/>
        <line num="44" count="1" type="stmt"/>
        <line num="46" count="1" type="stmt"/>
        <line num="47" count="1" type="stmt"/>
        <line num="50" count="1" type="cond" truecount="1" falsecount="1"/>
        <line num="51" count="1" type="stmt"/>
        <line num="54" count="0" type="stmt"/>
        <line num="57" count="1" type="stmt"/>
        <line num="58" count="1" type="stmt"/>
        <line num="61" count="1" type="cond" truecount="2" falsecount="2"/>
        <line num="62" count="1" type="stmt"/>
        <line num="66" count="1" type="stmt"/>
        <line num="67" count="1" type="stmt"/>
        <line num="69" count="1" type="stmt"/>
        <line num="90" count="4" type="cond" truecount="1" falsecount="1"/>
        <line num="91" count="4" type="cond" truecount="1" falsecount="1"/>
        <line num="92" count="4" type="stmt"/>
        <line num="96" count="4" type="stmt"/>
        <line num="100" count="1" type="stmt"/>
        <line num="101" count="1" type="stmt"/>
        <line num="103" count="1" type="stmt"/>
        <line num="104" count="1" type="stmt"/>
        <line num="105" count="1" type="stmt"/>
        <line num="106" count="1" type="stmt"/>
        <line num="107" count="4" type="stmt"/>
        <line num="108" count="4" type="cond" truecount="1" falsecount="1"/>
        <line num="109" count="4" type="stmt"/>
        <line num="111" count="4" type="cond" truecount="1" falsecount="1"/>
        <line num="112" count="4" type="stmt"/>
        <line num="116" count="1" type="stmt"/>
        <line num="135" count="1" type="stmt"/>
        <line num="136" count="1" type="stmt"/>
        <line num="137" count="1" type="stmt"/>
        <line num="138" count="119" type="stmt"/>
        <line num="139" count="119" type="stmt"/>
        <line num="142" count="1" type="stmt"/>
      </file>
      <file name="aggregateHoldingLots.ts" path="/Users/admin/Projects/my-stocks/packages/domain/src/services/aggregateHoldingLots.ts">
        <metrics statements="15" coveredstatements="15" conditionals="10" coveredconditionals="8" methods="1" coveredmethods="1"/>
        <line num="18" count="7" type="stmt"/>
        <line num="19" count="7" type="stmt"/>
        <line num="20" count="7" type="stmt"/>
        <line num="22" count="7" type="stmt"/>
        <line num="24" count="7" type="stmt"/>
        <line num="25" count="20" type="stmt"/>
        <line num="26" count="20" type="stmt"/>
        <line num="28" count="20" type="cond" truecount="2" falsecount="0"/>
        <line num="29" count="7" type="stmt"/>
        <line num="32" count="20" type="cond" truecount="1" falsecount="1"/>
        <line num="33" count="20" type="cond" truecount="4" falsecount="0"/>
        <line num="34" count="7" type="stmt"/>
        <line num="35" count="7" type="stmt"/>
        <line num="40" count="7" type="cond" truecount="1" falsecount="1"/>
        <line num="42" count="7" type="stmt"/>
      </file>
    </package>
    <package name="utils">
      <metrics statements="2" coveredstatements="2" conditionals="0" coveredconditionals="0" methods="2" coveredmethods="2"/>
      <file name="idUtils.ts" path="/Users/admin/Projects/my-stocks/packages/domain/src/utils/idUtils.ts">
        <metrics statements="2" coveredstatements="2" conditionals="0" coveredconditionals="0" methods="2" coveredmethods="2"/>
        <line num="2" count="47" type="stmt"/>
        <line num="6" count="72" type="stmt"/>
      </file>
    </package>
  </project>
</coverage>
