{"/Users/admin/Projects/my-stocks/packages/domain/src/repositories/index.ts": {"path":"/Users/admin/Projects/my-stocks/packages/domain/src/repositories/index.ts","statementMap":{},"fnMap":{},"branchMap":{},"s":{},"f":{},"b":{},"meta":{"lastBranch":0,"lastFunction":0,"lastStatement":0,"seen":{}}}
,"/Users/admin/Projects/my-stocks/packages/domain/src/repositories/portfolioRepository.ts": {"path":"/Users/admin/Projects/my-stocks/packages/domain/src/repositories/portfolioRepository.ts","statementMap":{"0":{"start":{"line":16,"column":13},"end":{"line":29,"column":null}},"1":{"start":{"line":79,"column":31},"end":{"line":79,"column":49}},"2":{"start":{"line":82,"column":17},"end":{"line":82,"column":59}},"3":{"start":{"line":83,"column":17},"end":{"line":87,"column":null}},"4":{"start":{"line":86,"column":16},"end":{"line":86,"column":null}},"5":{"start":{"line":87,"column":12},"end":{"line":87,"column":null}},"6":{"start":{"line":89,"column":4},"end":{"line":89,"column":null}},"7":{"start":{"line":93,"column":17},"end":{"line":93,"column":59}},"8":{"start":{"line":94,"column":4},"end":{"line":94,"column":null}},"9":{"start":{"line":94,"column":31},"end":{"line":94,"column":87}},"10":{"start":{"line":98,"column":17},"end":{"line":98,"column":59}},"11":{"start":{"line":99,"column":4},"end":{"line":99,"column":null}},"12":{"start":{"line":99,"column":33},"end":{"line":99,"column":64}},"13":{"start":{"line":103,"column":17},"end":{"line":103,"column":61}},"14":{"start":{"line":104,"column":17},"end":{"line":104,"column":43}},"15":{"start":{"line":105,"column":4},"end":{"line":105,"column":null}},"16":{"start":{"line":109,"column":4},"end":{"line":109,"column":null}},"17":{"start":{"line":113,"column":17},"end":{"line":113,"column":75}},"18":{"start":{"line":114,"column":17},"end":{"line":114,"column":46}},"19":{"start":{"line":115,"column":4},"end":{"line":115,"column":null}},"20":{"start":{"line":119,"column":17},"end":{"line":119,"column":75}},"21":{"start":{"line":120,"column":4},"end":{"line":120,"column":null}},"22":{"start":{"line":120,"column":31},"end":{"line":120,"column":57}},"23":{"start":{"line":124,"column":17},"end":{"line":124,"column":75}},"24":{"start":{"line":125,"column":4},"end":{"line":125,"column":null}},"25":{"start":{"line":125,"column":33},"end":{"line":125,"column":64}},"26":{"start":{"line":129,"column":17},"end":{"line":129,"column":81}},"27":{"start":{"line":130,"column":17},"end":{"line":130,"column":42}},"28":{"start":{"line":131,"column":4},"end":{"line":131,"column":null}},"29":{"start":{"line":135,"column":17},"end":{"line":135,"column":81}},"30":{"start":{"line":136,"column":19},"end":{"line":138,"column":44}},"31":{"start":{"line":137,"column":24},"end":{"line":137,"column":94}},"32":{"start":{"line":138,"column":22},"end":{"line":138,"column":44}},"33":{"start":{"line":139,"column":4},"end":{"line":139,"column":null}},"34":{"start":{"line":143,"column":17},"end":{"line":143,"column":81}},"35":{"start":{"line":144,"column":4},"end":{"line":146,"column":null}},"36":{"start":{"line":145,"column":24},"end":{"line":145,"column":77}},"37":{"start":{"line":146,"column":22},"end":{"line":146,"column":44}},"38":{"start":{"line":150,"column":17},"end":{"line":150,"column":81}},"39":{"start":{"line":151,"column":17},"end":{"line":155,"column":null}},"40":{"start":{"line":154,"column":16},"end":{"line":154,"column":null}},"41":{"start":{"line":155,"column":12},"end":{"line":155,"column":null}},"42":{"start":{"line":157,"column":4},"end":{"line":157,"column":null}},"43":{"start":{"line":161,"column":17},"end":{"line":161,"column":81}},"44":{"start":{"line":162,"column":4},"end":{"line":162,"column":null}},"45":{"start":{"line":162,"column":31},"end":{"line":162,"column":112}},"46":{"start":{"line":166,"column":17},"end":{"line":166,"column":81}},"47":{"start":{"line":167,"column":4},"end":{"line":167,"column":null}},"48":{"start":{"line":167,"column":33},"end":{"line":167,"column":64}},"49":{"start":{"line":171,"column":17},"end":{"line":171,"column":79}},"50":{"start":{"line":172,"column":17},"end":{"line":176,"column":null}},"51":{"start":{"line":175,"column":16},"end":{"line":175,"column":null}},"52":{"start":{"line":176,"column":12},"end":{"line":176,"column":null}},"53":{"start":{"line":178,"column":4},"end":{"line":178,"column":null}},"54":{"start":{"line":182,"column":17},"end":{"line":182,"column":79}},"55":{"start":{"line":183,"column":4},"end":{"line":183,"column":null}},"56":{"start":{"line":183,"column":31},"end":{"line":183,"column":104}},"57":{"start":{"line":187,"column":17},"end":{"line":187,"column":72}},"58":{"start":{"line":188,"column":4},"end":{"line":188,"column":null}},"59":{"start":{"line":192,"column":17},"end":{"line":192,"column":72}},"60":{"start":{"line":193,"column":4},"end":{"line":193,"column":null}},"61":{"start":{"line":197,"column":4},"end":{"line":197,"column":null}},"62":{"start":{"line":201,"column":17},"end":{"line":201,"column":72}},"63":{"start":{"line":202,"column":4},"end":{"line":202,"column":null}},"64":{"start":{"line":202,"column":33},"end":{"line":202,"column":64}},"65":{"start":{"line":206,"column":17},"end":{"line":206,"column":72}},"66":{"start":{"line":207,"column":19},"end":{"line":214,"column":61}},"67":{"start":{"line":210,"column":10},"end":{"line":212,"column":null}},"68":{"start":{"line":214,"column":22},"end":{"line":214,"column":60}},"69":{"start":{"line":215,"column":4},"end":{"line":215,"column":null}},"70":{"start":{"line":219,"column":17},"end":{"line":219,"column":63}},"71":{"start":{"line":220,"column":4},"end":{"line":220,"column":null}},"72":{"start":{"line":224,"column":17},"end":{"line":224,"column":63}},"73":{"start":{"line":225,"column":4},"end":{"line":225,"column":null}},"74":{"start":{"line":225,"column":33},"end":{"line":225,"column":66}},"75":{"start":{"line":229,"column":17},"end":{"line":229,"column":66}},"76":{"start":{"line":230,"column":15},"end":{"line":230,"column":null}},"77":{"start":{"line":231,"column":4},"end":{"line":232,"column":null}},"78":{"start":{"line":232,"column":6},"end":{"line":232,"column":null}},"79":{"start":{"line":234,"column":4},"end":{"line":234,"column":null}},"80":{"start":{"line":238,"column":17},"end":{"line":238,"column":79}},"81":{"start":{"line":239,"column":15},"end":{"line":239,"column":null}},"82":{"start":{"line":240,"column":4},"end":{"line":241,"column":null}},"83":{"start":{"line":241,"column":6},"end":{"line":241,"column":null}},"84":{"start":{"line":243,"column":4},"end":{"line":243,"column":null}},"85":{"start":{"line":247,"column":17},"end":{"line":247,"column":79}},"86":{"start":{"line":248,"column":4},"end":{"line":248,"column":null}},"87":{"start":{"line":252,"column":17},"end":{"line":252,"column":79}},"88":{"start":{"line":253,"column":4},"end":{"line":255,"column":null}},"89":{"start":{"line":254,"column":24},"end":{"line":254,"column":74}},"90":{"start":{"line":259,"column":17},"end":{"line":259,"column":79}},"91":{"start":{"line":260,"column":4},"end":{"line":263,"column":null}},"92":{"start":{"line":261,"column":24},"end":{"line":261,"column":74}},"93":{"start":{"line":263,"column":24},"end":{"line":263,"column":53}},"94":{"start":{"line":267,"column":17},"end":{"line":267,"column":79}},"95":{"start":{"line":268,"column":4},"end":{"line":268,"column":null}},"96":{"start":{"line":268,"column":33},"end":{"line":268,"column":66}},"97":{"start":{"line":272,"column":17},"end":{"line":272,"column":66}},"98":{"start":{"line":273,"column":4},"end":{"line":273,"column":null}},"99":{"start":{"line":273,"column":33},"end":{"line":273,"column":83}},"100":{"start":{"line":277,"column":17},"end":{"line":277,"column":66}},"101":{"start":{"line":278,"column":4},"end":{"line":278,"column":null}},"102":{"start":{"line":278,"column":33},"end":{"line":278,"column":115}},"103":{"start":{"line":282,"column":17},"end":{"line":282,"column":66}},"104":{"start":{"line":283,"column":4},"end":{"line":283,"column":null}},"105":{"start":{"line":283,"column":33},"end":{"line":283,"column":105}},"106":{"start":{"line":287,"column":17},"end":{"line":287,"column":66}},"107":{"start":{"line":288,"column":4},"end":{"line":288,"column":null}},"108":{"start":{"line":288,"column":33},"end":{"line":288,"column":66}},"109":{"start":{"line":292,"column":17},"end":{"line":292,"column":66}},"110":{"start":{"line":293,"column":4},"end":{"line":295,"column":null}},"111":{"start":{"line":294,"column":24},"end":{"line":294,"column":98}},"112":{"start":{"line":295,"column":22},"end":{"line":295,"column":56}},"113":{"start":{"line":299,"column":4},"end":{"line":299,"column":null}},"114":{"start":{"line":303,"column":17},"end":{"line":303,"column":59}},"115":{"start":{"line":304,"column":4},"end":{"line":304,"column":null}},"116":{"start":{"line":304,"column":33},"end":{"line":304,"column":88}},"117":{"start":{"line":308,"column":17},"end":{"line":308,"column":71}},"118":{"start":{"line":309,"column":18},"end":{"line":309,"column":82}},"119":{"start":{"line":309,"column":43},"end":{"line":309,"column":82}},"120":{"start":{"line":310,"column":4},"end":{"line":315,"column":null}},"121":{"start":{"line":311,"column":6},"end":{"line":311,"column":null}},"122":{"start":{"line":313,"column":19},"end":{"line":313,"column":28}},"123":{"start":{"line":314,"column":6},"end":{"line":314,"column":null}},"124":{"start":{"line":315,"column":6},"end":{"line":315,"column":null}},"125":{"start":{"line":320,"column":17},"end":{"line":320,"column":71}},"126":{"start":{"line":321,"column":4},"end":{"line":321,"column":null}},"127":{"start":{"line":321,"column":31},"end":{"line":321,"column":62}},"128":{"start":{"line":325,"column":4},"end":{"line":325,"column":null}},"129":{"start":{"line":329,"column":16},"end":{"line":329,"column":45}},"130":{"start":{"line":330,"column":4},"end":{"line":330,"column":null}},"131":{"start":{"line":330,"column":14},"end":{"line":330,"column":null}},"132":{"start":{"line":332,"column":4},"end":{"line":336,"column":null}},"133":{"start":{"line":333,"column":21},"end":{"line":333,"column":36}},"134":{"start":{"line":334,"column":6},"end":{"line":334,"column":null}},"135":{"start":{"line":336,"column":6},"end":{"line":336,"column":null}},"136":{"start":{"line":341,"column":4},"end":{"line":341,"column":null}},"137":{"start":{"line":347,"column":2},"end":{"line":347,"column":null}},"138":{"start":{"line":347,"column":24},"end":{"line":347,"column":null}},"139":{"start":{"line":348,"column":2},"end":{"line":348,"column":null}},"140":{"start":{"line":352,"column":16},"end":{"line":352,"column":62}},"141":{"start":{"line":352,"column":41},"end":{"line":352,"column":62}},"142":{"start":{"line":353,"column":2},"end":{"line":353,"column":null}},"143":{"start":{"line":353,"column":17},"end":{"line":353,"column":null}},"144":{"start":{"line":355,"column":15},"end":{"line":355,"column":24}},"145":{"start":{"line":356,"column":2},"end":{"line":356,"column":null}},"146":{"start":{"line":357,"column":2},"end":{"line":357,"column":null}},"147":{"start":{"line":366,"column":20},"end":{"line":366,"column":34}},"148":{"start":{"line":367,"column":16},"end":{"line":367,"column":75}},"149":{"start":{"line":367,"column":41},"end":{"line":367,"column":75}},"150":{"start":{"line":368,"column":2},"end":{"line":368,"column":null}},"151":{"start":{"line":368,"column":17},"end":{"line":368,"column":null}},"152":{"start":{"line":370,"column":15},"end":{"line":370,"column":24}},"153":{"start":{"line":371,"column":2},"end":{"line":371,"column":null}},"154":{"start":{"line":372,"column":2},"end":{"line":372,"column":null}}},"fnMap":{"0":{"name":"(anonymous_0)","decl":{"start":{"line":79,"column":2},"end":{"line":79,"column":14}},"loc":{"start":{"line":79,"column":49},"end":{"line":79,"column":49}},"line":79},"1":{"name":"(anonymous_1)","decl":{"start":{"line":81,"column":8},"end":{"line":81,"column":22}},"loc":{"start":{"line":81,"column":55},"end":{"line":89,"column":null}},"line":81},"2":{"name":"(anonymous_2)","decl":{"start":{"line":85,"column":6},"end":{"line":85,"column":null}},"loc":{"start":{"line":86,"column":16},"end":{"line":86,"column":null}},"line":86},"3":{"name":"(anonymous_3)","decl":{"start":{"line":86,"column":43},"end":{"line":86,"column":null}},"loc":{"start":{"line":87,"column":12},"end":{"line":87,"column":null}},"line":87},"4":{"name":"(anonymous_4)","decl":{"start":{"line":92,"column":8},"end":{"line":92,"column":19}},"loc":{"start":{"line":92,"column":83},"end":{"line":94,"column":null}},"line":92},"5":{"name":"(anonymous_5)","decl":{"start":{"line":94,"column":16},"end":{"line":94,"column":22}},"loc":{"start":{"line":94,"column":31},"end":{"line":94,"column":87}},"line":94},"6":{"name":"(anonymous_6)","decl":{"start":{"line":97,"column":8},"end":{"line":97,"column":31}},"loc":{"start":{"line":97,"column":71},"end":{"line":99,"column":null}},"line":97},"7":{"name":"(anonymous_7)","decl":{"start":{"line":99,"column":16},"end":{"line":99,"column":24}},"loc":{"start":{"line":99,"column":33},"end":{"line":99,"column":64}},"line":99},"8":{"name":"(anonymous_8)","decl":{"start":{"line":102,"column":8},"end":{"line":102,"column":23}},"loc":{"start":{"line":102,"column":58},"end":{"line":105,"column":null}},"line":102},"9":{"name":"(anonymous_9)","decl":{"start":{"line":108,"column":2},"end":{"line":108,"column":38}},"loc":{"start":{"line":108,"column":38},"end":{"line":109,"column":null}},"line":108},"10":{"name":"(anonymous_10)","decl":{"start":{"line":112,"column":8},"end":{"line":112,"column":26}},"loc":{"start":{"line":112,"column":75},"end":{"line":115,"column":null}},"line":112},"11":{"name":"(anonymous_11)","decl":{"start":{"line":118,"column":8},"end":{"line":118,"column":27}},"loc":{"start":{"line":118,"column":87},"end":{"line":120,"column":null}},"line":118},"12":{"name":"(anonymous_12)","decl":{"start":{"line":120,"column":16},"end":{"line":120,"column":22}},"loc":{"start":{"line":120,"column":31},"end":{"line":120,"column":57}},"line":120},"13":{"name":"(anonymous_13)","decl":{"start":{"line":123,"column":8},"end":{"line":123,"column":25}},"loc":{"start":{"line":123,"column":77},"end":{"line":125,"column":null}},"line":123},"14":{"name":"(anonymous_14)","decl":{"start":{"line":125,"column":16},"end":{"line":125,"column":24}},"loc":{"start":{"line":125,"column":33},"end":{"line":125,"column":64}},"line":125},"15":{"name":"(anonymous_15)","decl":{"start":{"line":128,"column":8},"end":{"line":128,"column":29}},"loc":{"start":{"line":128,"column":77},"end":{"line":131,"column":null}},"line":128},"16":{"name":"(anonymous_16)","decl":{"start":{"line":134,"column":8},"end":{"line":134,"column":32}},"loc":{"start":{"line":134,"column":103},"end":{"line":139,"column":null}},"line":134},"17":{"name":"(anonymous_17)","decl":{"start":{"line":137,"column":7},"end":{"line":137,"column":15}},"loc":{"start":{"line":137,"column":24},"end":{"line":137,"column":94}},"line":137},"18":{"name":"(anonymous_18)","decl":{"start":{"line":138,"column":7},"end":{"line":138,"column":13}},"loc":{"start":{"line":138,"column":22},"end":{"line":138,"column":44}},"line":138},"19":{"name":"(anonymous_19)","decl":{"start":{"line":142,"column":8},"end":{"line":142,"column":28}},"loc":{"start":{"line":142,"column":94},"end":{"line":146,"column":null}},"line":142},"20":{"name":"(anonymous_20)","decl":{"start":{"line":145,"column":7},"end":{"line":145,"column":15}},"loc":{"start":{"line":145,"column":24},"end":{"line":145,"column":77}},"line":145},"21":{"name":"(anonymous_21)","decl":{"start":{"line":146,"column":7},"end":{"line":146,"column":13}},"loc":{"start":{"line":146,"column":22},"end":{"line":146,"column":44}},"line":146},"22":{"name":"(anonymous_22)","decl":{"start":{"line":149,"column":8},"end":{"line":149,"column":29}},"loc":{"start":{"line":149,"column":77},"end":{"line":157,"column":null}},"line":149},"23":{"name":"(anonymous_23)","decl":{"start":{"line":153,"column":6},"end":{"line":153,"column":null}},"loc":{"start":{"line":154,"column":16},"end":{"line":154,"column":null}},"line":154},"24":{"name":"(anonymous_24)","decl":{"start":{"line":154,"column":43},"end":{"line":154,"column":null}},"loc":{"start":{"line":155,"column":12},"end":{"line":155,"column":null}},"line":155},"25":{"name":"(anonymous_25)","decl":{"start":{"line":160,"column":8},"end":{"line":160,"column":26}},"loc":{"start":{"line":160,"column":114},"end":{"line":162,"column":null}},"line":160},"26":{"name":"(anonymous_26)","decl":{"start":{"line":162,"column":16},"end":{"line":162,"column":22}},"loc":{"start":{"line":162,"column":31},"end":{"line":162,"column":112}},"line":162},"27":{"name":"(anonymous_27)","decl":{"start":{"line":165,"column":8},"end":{"line":165,"column":28}},"loc":{"start":{"line":165,"column":83},"end":{"line":167,"column":null}},"line":165},"28":{"name":"(anonymous_28)","decl":{"start":{"line":167,"column":16},"end":{"line":167,"column":24}},"loc":{"start":{"line":167,"column":33},"end":{"line":167,"column":64}},"line":167},"29":{"name":"(anonymous_29)","decl":{"start":{"line":170,"column":8},"end":{"line":170,"column":28}},"loc":{"start":{"line":170,"column":75},"end":{"line":178,"column":null}},"line":170},"30":{"name":"(anonymous_30)","decl":{"start":{"line":174,"column":6},"end":{"line":174,"column":null}},"loc":{"start":{"line":175,"column":16},"end":{"line":175,"column":null}},"line":175},"31":{"name":"(anonymous_31)","decl":{"start":{"line":175,"column":43},"end":{"line":175,"column":null}},"loc":{"start":{"line":176,"column":12},"end":{"line":176,"column":null}},"line":176},"32":{"name":"(anonymous_32)","decl":{"start":{"line":181,"column":8},"end":{"line":181,"column":25}},"loc":{"start":{"line":181,"column":108},"end":{"line":183,"column":null}},"line":181},"33":{"name":"(anonymous_33)","decl":{"start":{"line":183,"column":16},"end":{"line":183,"column":22}},"loc":{"start":{"line":183,"column":31},"end":{"line":183,"column":104}},"line":183},"34":{"name":"(anonymous_34)","decl":{"start":{"line":186,"column":8},"end":{"line":186,"column":21}},"loc":{"start":{"line":186,"column":61},"end":{"line":188,"column":null}},"line":186},"35":{"name":"(anonymous_35)","decl":{"start":{"line":191,"column":8},"end":{"line":191,"column":24}},"loc":{"start":{"line":191,"column":64},"end":{"line":193,"column":null}},"line":191},"36":{"name":"(anonymous_36)","decl":{"start":{"line":196,"column":2},"end":{"line":196,"column":50}},"loc":{"start":{"line":196,"column":50},"end":{"line":197,"column":null}},"line":196},"37":{"name":"(anonymous_37)","decl":{"start":{"line":200,"column":8},"end":{"line":200,"column":33}},"loc":{"start":{"line":200,"column":84},"end":{"line":202,"column":null}},"line":200},"38":{"name":"(anonymous_38)","decl":{"start":{"line":202,"column":16},"end":{"line":202,"column":24}},"loc":{"start":{"line":202,"column":33},"end":{"line":202,"column":64}},"line":202},"39":{"name":"(anonymous_39)","decl":{"start":{"line":205,"column":8},"end":{"line":205,"column":35}},"loc":{"start":{"line":205,"column":102},"end":{"line":215,"column":null}},"line":205},"40":{"name":"(anonymous_40)","decl":{"start":{"line":208,"column":7},"end":{"line":208,"column":null}},"loc":{"start":{"line":210,"column":10},"end":{"line":212,"column":null}},"line":210},"41":{"name":"(anonymous_41)","decl":{"start":{"line":214,"column":7},"end":{"line":214,"column":13}},"loc":{"start":{"line":214,"column":22},"end":{"line":214,"column":60}},"line":214},"42":{"name":"(anonymous_42)","decl":{"start":{"line":218,"column":8},"end":{"line":218,"column":19}},"loc":{"start":{"line":218,"column":56},"end":{"line":220,"column":null}},"line":218},"43":{"name":"(anonymous_43)","decl":{"start":{"line":223,"column":8},"end":{"line":223,"column":31}},"loc":{"start":{"line":223,"column":77},"end":{"line":225,"column":null}},"line":223},"44":{"name":"(anonymous_44)","decl":{"start":{"line":225,"column":16},"end":{"line":225,"column":24}},"loc":{"start":{"line":225,"column":33},"end":{"line":225,"column":66}},"line":225},"45":{"name":"(anonymous_45)","decl":{"start":{"line":228,"column":8},"end":{"line":228,"column":21}},"loc":{"start":{"line":228,"column":64},"end":{"line":234,"column":null}},"line":228},"46":{"name":"(anonymous_46)","decl":{"start":{"line":237,"column":8},"end":{"line":237,"column":29}},"loc":{"start":{"line":237,"column":78},"end":{"line":243,"column":null}},"line":237},"47":{"name":"(anonymous_47)","decl":{"start":{"line":246,"column":8},"end":{"line":246,"column":63}},"loc":{"start":{"line":246,"column":63},"end":{"line":248,"column":null}},"line":246},"48":{"name":"(anonymous_48)","decl":{"start":{"line":251,"column":8},"end":{"line":251,"column":37}},"loc":{"start":{"line":251,"column":91},"end":{"line":255,"column":null}},"line":251},"49":{"name":"(anonymous_49)","decl":{"start":{"line":254,"column":7},"end":{"line":254,"column":15}},"loc":{"start":{"line":254,"column":24},"end":{"line":254,"column":74}},"line":254},"50":{"name":"(anonymous_50)","decl":{"start":{"line":258,"column":8},"end":{"line":258,"column":36}},"loc":{"start":{"line":258,"column":109},"end":{"line":263,"column":null}},"line":258},"51":{"name":"(anonymous_51)","decl":{"start":{"line":261,"column":7},"end":{"line":261,"column":15}},"loc":{"start":{"line":261,"column":24},"end":{"line":261,"column":74}},"line":261},"52":{"name":"(anonymous_52)","decl":{"start":{"line":263,"column":7},"end":{"line":263,"column":15}},"loc":{"start":{"line":263,"column":24},"end":{"line":263,"column":53}},"line":263},"53":{"name":"(anonymous_53)","decl":{"start":{"line":266,"column":8},"end":{"line":266,"column":38}},"loc":{"start":{"line":266,"column":93},"end":{"line":268,"column":null}},"line":266},"54":{"name":"(anonymous_54)","decl":{"start":{"line":268,"column":16},"end":{"line":268,"column":24}},"loc":{"start":{"line":268,"column":33},"end":{"line":268,"column":66}},"line":268},"55":{"name":"(anonymous_55)","decl":{"start":{"line":271,"column":8},"end":{"line":271,"column":29}},"loc":{"start":{"line":271,"column":78},"end":{"line":273,"column":null}},"line":271},"56":{"name":"(anonymous_56)","decl":{"start":{"line":273,"column":16},"end":{"line":273,"column":24}},"loc":{"start":{"line":273,"column":33},"end":{"line":273,"column":83}},"line":273},"57":{"name":"(anonymous_57)","decl":{"start":{"line":276,"column":8},"end":{"line":276,"column":28}},"loc":{"start":{"line":276,"column":96},"end":{"line":278,"column":null}},"line":276},"58":{"name":"(anonymous_58)","decl":{"start":{"line":278,"column":16},"end":{"line":278,"column":24}},"loc":{"start":{"line":278,"column":33},"end":{"line":278,"column":115}},"line":278},"59":{"name":"(anonymous_59)","decl":{"start":{"line":281,"column":8},"end":{"line":281,"column":32}},"loc":{"start":{"line":281,"column":92},"end":{"line":283,"column":null}},"line":281},"60":{"name":"(anonymous_60)","decl":{"start":{"line":283,"column":16},"end":{"line":283,"column":24}},"loc":{"start":{"line":283,"column":33},"end":{"line":283,"column":105}},"line":283},"61":{"name":"(anonymous_61)","decl":{"start":{"line":286,"column":8},"end":{"line":286,"column":30}},"loc":{"start":{"line":286,"column":80},"end":{"line":288,"column":null}},"line":286},"62":{"name":"(anonymous_62)","decl":{"start":{"line":288,"column":16},"end":{"line":288,"column":24}},"loc":{"start":{"line":288,"column":33},"end":{"line":288,"column":66}},"line":288},"63":{"name":"(anonymous_63)","decl":{"start":{"line":291,"column":8},"end":{"line":291,"column":34}},"loc":{"start":{"line":291,"column":98},"end":{"line":295,"column":null}},"line":291},"64":{"name":"(anonymous_64)","decl":{"start":{"line":294,"column":7},"end":{"line":294,"column":15}},"loc":{"start":{"line":294,"column":24},"end":{"line":294,"column":98}},"line":294},"65":{"name":"(anonymous_65)","decl":{"start":{"line":295,"column":7},"end":{"line":295,"column":13}},"loc":{"start":{"line":295,"column":22},"end":{"line":295,"column":56}},"line":295},"66":{"name":"(anonymous_66)","decl":{"start":{"line":298,"column":8},"end":{"line":298,"column":20}},"loc":{"start":{"line":298,"column":56},"end":{"line":299,"column":null}},"line":298},"67":{"name":"(anonymous_67)","decl":{"start":{"line":302,"column":8},"end":{"line":302,"column":32}},"loc":{"start":{"line":302,"column":91},"end":{"line":304,"column":null}},"line":302},"68":{"name":"(anonymous_68)","decl":{"start":{"line":304,"column":16},"end":{"line":304,"column":24}},"loc":{"start":{"line":304,"column":33},"end":{"line":304,"column":88}},"line":304},"69":{"name":"(anonymous_69)","decl":{"start":{"line":307,"column":8},"end":{"line":307,"column":28}},"loc":{"start":{"line":307,"column":67},"end":{"line":315,"column":null}},"line":307},"70":{"name":"(anonymous_70)","decl":{"start":{"line":309,"column":23},"end":{"line":309,"column":34}},"loc":{"start":{"line":309,"column":43},"end":{"line":309,"column":82}},"line":309},"71":{"name":"(anonymous_71)","decl":{"start":{"line":319,"column":8},"end":{"line":319,"column":25}},"loc":{"start":{"line":319,"column":76},"end":{"line":321,"column":null}},"line":319},"72":{"name":"(anonymous_72)","decl":{"start":{"line":321,"column":16},"end":{"line":321,"column":22}},"loc":{"start":{"line":321,"column":31},"end":{"line":321,"column":62}},"line":321},"73":{"name":"(anonymous_73)","decl":{"start":{"line":324,"column":8},"end":{"line":324,"column":55}},"loc":{"start":{"line":324,"column":55},"end":{"line":325,"column":null}},"line":324},"74":{"name":"(anonymous_74)","decl":{"start":{"line":328,"column":16},"end":{"line":328,"column":27}},"loc":{"start":{"line":328,"column":54},"end":{"line":336,"column":null}},"line":328},"75":{"name":"(anonymous_75)","decl":{"start":{"line":340,"column":16},"end":{"line":340,"column":27}},"loc":{"start":{"line":340,"column":66},"end":{"line":341,"column":null}},"line":340},"76":{"name":"migrateAccountId","decl":{"start":{"line":346,"column":9},"end":{"line":346,"column":26}},"loc":{"start":{"line":346,"column":80},"end":{"line":348,"column":null}},"line":346},"77":{"name":"upsertById","decl":{"start":{"line":351,"column":9},"end":{"line":351,"column":46}},"loc":{"start":{"line":351,"column":72},"end":{"line":357,"column":null}},"line":351},"78":{"name":"(anonymous_78)","decl":{"start":{"line":352,"column":21},"end":{"line":352,"column":32}},"loc":{"start":{"line":352,"column":41},"end":{"line":352,"column":62}},"line":352},"79":{"name":"upsertByUniqueKey","decl":{"start":{"line":360,"column":9},"end":{"line":360,"column":null}},"loc":{"start":{"line":365,"column":7},"end":{"line":372,"column":null}},"line":365},"80":{"name":"(anonymous_80)","decl":{"start":{"line":367,"column":21},"end":{"line":367,"column":32}},"loc":{"start":{"line":367,"column":41},"end":{"line":367,"column":75}},"line":367}},"branchMap":{"0":{"loc":{"start":{"line":94,"column":11},"end":{"line":94,"column":null}},"type":"binary-expr","locations":[{"start":{"line":94,"column":11},"end":{"line":94,"column":87}},{"start":{"line":94,"column":91},"end":{"line":94,"column":null}}],"line":94},"1":{"loc":{"start":{"line":94,"column":31},"end":{"line":94,"column":87}},"type":"binary-expr","locations":[{"start":{"line":94,"column":31},"end":{"line":94,"column":65}},{"start":{"line":94,"column":65},"end":{"line":94,"column":87}}],"line":94},"2":{"loc":{"start":{"line":120,"column":11},"end":{"line":120,"column":null}},"type":"binary-expr","locations":[{"start":{"line":120,"column":11},"end":{"line":120,"column":57}},{"start":{"line":120,"column":61},"end":{"line":120,"column":null}}],"line":120},"3":{"loc":{"start":{"line":137,"column":24},"end":{"line":137,"column":94}},"type":"binary-expr","locations":[{"start":{"line":137,"column":24},"end":{"line":137,"column":80}},{"start":{"line":137,"column":80},"end":{"line":137,"column":94}}],"line":137},"4":{"loc":{"start":{"line":139,"column":11},"end":{"line":139,"column":null}},"type":"binary-expr","locations":[{"start":{"line":139,"column":11},"end":{"line":139,"column":24}},{"start":{"line":139,"column":24},"end":{"line":139,"column":null}}],"line":139},"5":{"loc":{"start":{"line":162,"column":11},"end":{"line":162,"column":null}},"type":"binary-expr","locations":[{"start":{"line":162,"column":11},"end":{"line":162,"column":112}},{"start":{"line":162,"column":116},"end":{"line":162,"column":null}}],"line":162},"6":{"loc":{"start":{"line":162,"column":31},"end":{"line":162,"column":112}},"type":"binary-expr","locations":[{"start":{"line":162,"column":31},"end":{"line":162,"column":65}},{"start":{"line":162,"column":65},"end":{"line":162,"column":112}}],"line":162},"7":{"loc":{"start":{"line":183,"column":11},"end":{"line":183,"column":null}},"type":"binary-expr","locations":[{"start":{"line":183,"column":11},"end":{"line":183,"column":104}},{"start":{"line":183,"column":108},"end":{"line":183,"column":null}}],"line":183},"8":{"loc":{"start":{"line":183,"column":31},"end":{"line":183,"column":104}},"type":"binary-expr","locations":[{"start":{"line":183,"column":31},"end":{"line":183,"column":65}},{"start":{"line":183,"column":65},"end":{"line":183,"column":104}}],"line":183},"9":{"loc":{"start":{"line":210,"column":10},"end":{"line":212,"column":null}},"type":"binary-expr","locations":[{"start":{"line":210,"column":10},"end":{"line":210,"column":null}},{"start":{"line":211,"column":10},"end":{"line":211,"column":null}},{"start":{"line":212,"column":10},"end":{"line":212,"column":null}}],"line":210},"10":{"loc":{"start":{"line":215,"column":11},"end":{"line":215,"column":null}},"type":"binary-expr","locations":[{"start":{"line":215,"column":11},"end":{"line":215,"column":24}},{"start":{"line":215,"column":24},"end":{"line":215,"column":null}}],"line":215},"11":{"loc":{"start":{"line":254,"column":24},"end":{"line":254,"column":74}},"type":"binary-expr","locations":[{"start":{"line":254,"column":24},"end":{"line":254,"column":58}},{"start":{"line":254,"column":58},"end":{"line":254,"column":74}}],"line":254},"12":{"loc":{"start":{"line":261,"column":24},"end":{"line":261,"column":74}},"type":"binary-expr","locations":[{"start":{"line":261,"column":24},"end":{"line":261,"column":58}},{"start":{"line":261,"column":58},"end":{"line":261,"column":74}}],"line":261},"13":{"loc":{"start":{"line":273,"column":33},"end":{"line":273,"column":83}},"type":"binary-expr","locations":[{"start":{"line":273,"column":33},"end":{"line":273,"column":67}},{"start":{"line":273,"column":67},"end":{"line":273,"column":83}}],"line":273},"14":{"loc":{"start":{"line":278,"column":33},"end":{"line":278,"column":115}},"type":"binary-expr","locations":[{"start":{"line":278,"column":33},"end":{"line":278,"column":67}},{"start":{"line":278,"column":67},"end":{"line":278,"column":99}},{"start":{"line":278,"column":99},"end":{"line":278,"column":115}}],"line":278},"15":{"loc":{"start":{"line":283,"column":33},"end":{"line":283,"column":105}},"type":"binary-expr","locations":[{"start":{"line":283,"column":33},"end":{"line":283,"column":89}},{"start":{"line":283,"column":89},"end":{"line":283,"column":105}}],"line":283},"16":{"loc":{"start":{"line":294,"column":24},"end":{"line":294,"column":98}},"type":"binary-expr","locations":[{"start":{"line":294,"column":24},"end":{"line":294,"column":56}},{"start":{"line":294,"column":56},"end":{"line":294,"column":82}},{"start":{"line":294,"column":82},"end":{"line":294,"column":98}}],"line":294},"17":{"loc":{"start":{"line":304,"column":33},"end":{"line":304,"column":88}},"type":"binary-expr","locations":[{"start":{"line":304,"column":33},"end":{"line":304,"column":65}},{"start":{"line":304,"column":65},"end":{"line":304,"column":88}}],"line":304},"18":{"loc":{"start":{"line":310,"column":4},"end":{"line":315,"column":null}},"type":"if","locations":[{"start":{"line":310,"column":4},"end":{"line":315,"column":null}},{"start":{"line":312,"column":11},"end":{"line":315,"column":null}}],"line":310},"19":{"loc":{"start":{"line":321,"column":11},"end":{"line":321,"column":null}},"type":"binary-expr","locations":[{"start":{"line":321,"column":11},"end":{"line":321,"column":62}},{"start":{"line":321,"column":66},"end":{"line":321,"column":null}}],"line":321},"20":{"loc":{"start":{"line":330,"column":4},"end":{"line":330,"column":null}},"type":"if","locations":[{"start":{"line":330,"column":4},"end":{"line":330,"column":null}},{"start":{},"end":{}}],"line":330},"21":{"loc":{"start":{"line":334,"column":13},"end":{"line":334,"column":48}},"type":"cond-expr","locations":[{"start":{"line":334,"column":37},"end":{"line":334,"column":46}},{"start":{"line":334,"column":46},"end":{"line":334,"column":48}}],"line":334},"22":{"loc":{"start":{"line":347,"column":2},"end":{"line":347,"column":null}},"type":"if","locations":[{"start":{"line":347,"column":2},"end":{"line":347,"column":null}},{"start":{},"end":{}}],"line":347},"23":{"loc":{"start":{"line":353,"column":2},"end":{"line":353,"column":null}},"type":"if","locations":[{"start":{"line":353,"column":2},"end":{"line":353,"column":null}},{"start":{},"end":{}}],"line":353},"24":{"loc":{"start":{"line":368,"column":2},"end":{"line":368,"column":null}},"type":"if","locations":[{"start":{"line":368,"column":2},"end":{"line":368,"column":null}},{"start":{},"end":{}}],"line":368}},"s":{"0":3,"1":25,"2":24,"3":24,"4":21,"5":24,"6":24,"7":30,"8":30,"9":31,"10":8,"11":8,"12":9,"13":7,"14":7,"15":7,"16":0,"17":7,"18":7,"19":7,"20":11,"21":11,"22":11,"23":0,"24":0,"25":0,"26":7,"27":7,"28":7,"29":11,"30":11,"31":11,"32":0,"33":11,"34":0,"35":0,"36":0,"37":0,"38":0,"39":0,"40":0,"41":0,"42":0,"43":0,"44":0,"45":0,"46":0,"47":0,"48":0,"49":0,"50":0,"51":0,"52":0,"53":0,"54":0,"55":0,"56":0,"57":21,"58":21,"59":22,"60":22,"61":2,"62":5,"63":5,"64":8,"65":1,"66":1,"67":1,"68":0,"69":1,"70":8,"71":8,"72":1,"73":1,"74":4,"75":0,"76":0,"77":0,"78":0,"79":0,"80":22,"81":22,"82":22,"83":48,"84":22,"85":0,"86":0,"87":6,"88":6,"89":24,"90":38,"91":38,"92":41,"93":39,"94":2,"95":2,"96":5,"97":0,"98":0,"99":0,"100":0,"101":0,"102":0,"103":0,"104":0,"105":0,"106":1,"107":1,"108":0,"109":0,"110":0,"111":0,"112":0,"113":0,"114":0,"115":0,"116":0,"117":0,"118":0,"119":0,"120":0,"121":0,"122":0,"123":0,"124":0,"125":0,"126":0,"127":0,"128":0,"129":234,"130":234,"131":100,"132":134,"133":134,"134":134,"135":0,"136":118,"137":66,"138":66,"139":0,"140":91,"141":89,"142":91,"143":60,"144":31,"145":31,"146":31,"147":24,"148":24,"149":21,"150":24,"151":22,"152":2,"153":2,"154":2},"f":{"0":25,"1":24,"2":21,"3":24,"4":30,"5":31,"6":8,"7":9,"8":7,"9":0,"10":7,"11":11,"12":11,"13":0,"14":0,"15":7,"16":11,"17":11,"18":0,"19":0,"20":0,"21":0,"22":0,"23":0,"24":0,"25":0,"26":0,"27":0,"28":0,"29":0,"30":0,"31":0,"32":0,"33":0,"34":21,"35":22,"36":2,"37":5,"38":8,"39":1,"40":1,"41":0,"42":8,"43":1,"44":4,"45":0,"46":22,"47":0,"48":6,"49":24,"50":38,"51":41,"52":39,"53":2,"54":5,"55":0,"56":0,"57":0,"58":0,"59":0,"60":0,"61":1,"62":0,"63":0,"64":0,"65":0,"66":0,"67":0,"68":0,"69":0,"70":0,"71":0,"72":0,"73":0,"74":234,"75":118,"76":66,"77":91,"78":89,"79":24,"80":21},"b":{"0":[30,22],"1":[31,31],"2":[11,0],"3":[11,11],"4":[11,0],"5":[0,0],"6":[0,0],"7":[0,0],"8":[0,0],"9":[1,1,1],"10":[1,0],"11":[24,24],"12":[41,41],"13":[0,0],"14":[0,0,0],"15":[0,0],"16":[0,0,0],"17":[0,0],"18":[0,0],"19":[0,0],"20":[100,134],"21":[134,0],"22":[66,0],"23":[60,31],"24":[22,2]},"meta":{"lastBranch":25,"lastFunction":81,"lastStatement":155,"seen":{"s:16:13:29:Infinity":0,"f:79:2:79:14":0,"s:79:31:79:49":1,"f:81:8:81:22":1,"s:82:17:82:59":2,"s:83:17:87:Infinity":3,"f:85:6:85:Infinity":2,"s:86:16:86:Infinity":4,"f:86:43:86:Infinity":3,"s:87:12:87:Infinity":5,"s:89:4:89:Infinity":6,"f:92:8:92:19":4,"s:93:17:93:59":7,"s:94:4:94:Infinity":8,"b:94:11:94:87:94:91:94:Infinity":0,"f:94:16:94:22":5,"s:94:31:94:87":9,"b:94:31:94:65:94:65:94:87":1,"f:97:8:97:31":6,"s:98:17:98:59":10,"s:99:4:99:Infinity":11,"f:99:16:99:24":7,"s:99:33:99:64":12,"f:102:8:102:23":8,"s:103:17:103:61":13,"s:104:17:104:43":14,"s:105:4:105:Infinity":15,"f:108:2:108:38":9,"s:109:4:109:Infinity":16,"f:112:8:112:26":10,"s:113:17:113:75":17,"s:114:17:114:46":18,"s:115:4:115:Infinity":19,"f:118:8:118:27":11,"s:119:17:119:75":20,"s:120:4:120:Infinity":21,"b:120:11:120:57:120:61:120:Infinity":2,"f:120:16:120:22":12,"s:120:31:120:57":22,"f:123:8:123:25":13,"s:124:17:124:75":23,"s:125:4:125:Infinity":24,"f:125:16:125:24":14,"s:125:33:125:64":25,"f:128:8:128:29":15,"s:129:17:129:81":26,"s:130:17:130:42":27,"s:131:4:131:Infinity":28,"f:134:8:134:32":16,"s:135:17:135:81":29,"s:136:19:138:44":30,"f:137:7:137:15":17,"s:137:24:137:94":31,"b:137:24:137:80:137:80:137:94":3,"f:138:7:138:13":18,"s:138:22:138:44":32,"s:139:4:139:Infinity":33,"b:139:11:139:24:139:24:139:Infinity":4,"f:142:8:142:28":19,"s:143:17:143:81":34,"s:144:4:146:Infinity":35,"f:145:7:145:15":20,"s:145:24:145:77":36,"f:146:7:146:13":21,"s:146:22:146:44":37,"f:149:8:149:29":22,"s:150:17:150:81":38,"s:151:17:155:Infinity":39,"f:153:6:153:Infinity":23,"s:154:16:154:Infinity":40,"f:154:43:154:Infinity":24,"s:155:12:155:Infinity":41,"s:157:4:157:Infinity":42,"f:160:8:160:26":25,"s:161:17:161:81":43,"s:162:4:162:Infinity":44,"b:162:11:162:112:162:116:162:Infinity":5,"f:162:16:162:22":26,"s:162:31:162:112":45,"b:162:31:162:65:162:65:162:112":6,"f:165:8:165:28":27,"s:166:17:166:81":46,"s:167:4:167:Infinity":47,"f:167:16:167:24":28,"s:167:33:167:64":48,"f:170:8:170:28":29,"s:171:17:171:79":49,"s:172:17:176:Infinity":50,"f:174:6:174:Infinity":30,"s:175:16:175:Infinity":51,"f:175:43:175:Infinity":31,"s:176:12:176:Infinity":52,"s:178:4:178:Infinity":53,"f:181:8:181:25":32,"s:182:17:182:79":54,"s:183:4:183:Infinity":55,"b:183:11:183:104:183:108:183:Infinity":7,"f:183:16:183:22":33,"s:183:31:183:104":56,"b:183:31:183:65:183:65:183:104":8,"f:186:8:186:21":34,"s:187:17:187:72":57,"s:188:4:188:Infinity":58,"f:191:8:191:24":35,"s:192:17:192:72":59,"s:193:4:193:Infinity":60,"f:196:2:196:50":36,"s:197:4:197:Infinity":61,"f:200:8:200:33":37,"s:201:17:201:72":62,"s:202:4:202:Infinity":63,"f:202:16:202:24":38,"s:202:33:202:64":64,"f:205:8:205:35":39,"s:206:17:206:72":65,"s:207:19:214:61":66,"f:208:7:208:Infinity":40,"s:210:10:212:Infinity":67,"b:210:10:210:Infinity:211:10:211:Infinity:212:10:212:Infinity":9,"f:214:7:214:13":41,"s:214:22:214:60":68,"s:215:4:215:Infinity":69,"b:215:11:215:24:215:24:215:Infinity":10,"f:218:8:218:19":42,"s:219:17:219:63":70,"s:220:4:220:Infinity":71,"f:223:8:223:31":43,"s:224:17:224:63":72,"s:225:4:225:Infinity":73,"f:225:16:225:24":44,"s:225:33:225:66":74,"f:228:8:228:21":45,"s:229:17:229:66":75,"s:230:15:230:Infinity":76,"s:231:4:232:Infinity":77,"s:232:6:232:Infinity":78,"s:234:4:234:Infinity":79,"f:237:8:237:29":46,"s:238:17:238:79":80,"s:239:15:239:Infinity":81,"s:240:4:241:Infinity":82,"s:241:6:241:Infinity":83,"s:243:4:243:Infinity":84,"f:246:8:246:63":47,"s:247:17:247:79":85,"s:248:4:248:Infinity":86,"f:251:8:251:37":48,"s:252:17:252:79":87,"s:253:4:255:Infinity":88,"f:254:7:254:15":49,"s:254:24:254:74":89,"b:254:24:254:58:254:58:254:74":11,"f:258:8:258:36":50,"s:259:17:259:79":90,"s:260:4:263:Infinity":91,"f:261:7:261:15":51,"s:261:24:261:74":92,"b:261:24:261:58:261:58:261:74":12,"f:263:7:263:15":52,"s:263:24:263:53":93,"f:266:8:266:38":53,"s:267:17:267:79":94,"s:268:4:268:Infinity":95,"f:268:16:268:24":54,"s:268:33:268:66":96,"f:271:8:271:29":55,"s:272:17:272:66":97,"s:273:4:273:Infinity":98,"f:273:16:273:24":56,"s:273:33:273:83":99,"b:273:33:273:67:273:67:273:83":13,"f:276:8:276:28":57,"s:277:17:277:66":100,"s:278:4:278:Infinity":101,"f:278:16:278:24":58,"s:278:33:278:115":102,"b:278:33:278:67:278:67:278:99:278:99:278:115":14,"f:281:8:281:32":59,"s:282:17:282:66":103,"s:283:4:283:Infinity":104,"f:283:16:283:24":60,"s:283:33:283:105":105,"b:283:33:283:89:283:89:283:105":15,"f:286:8:286:30":61,"s:287:17:287:66":106,"s:288:4:288:Infinity":107,"f:288:16:288:24":62,"s:288:33:288:66":108,"f:291:8:291:34":63,"s:292:17:292:66":109,"s:293:4:295:Infinity":110,"f:294:7:294:15":64,"s:294:24:294:98":111,"b:294:24:294:56:294:56:294:82:294:82:294:98":16,"f:295:7:295:13":65,"s:295:22:295:56":112,"f:298:8:298:20":66,"s:299:4:299:Infinity":113,"f:302:8:302:32":67,"s:303:17:303:59":114,"s:304:4:304:Infinity":115,"f:304:16:304:24":68,"s:304:33:304:88":116,"b:304:33:304:65:304:65:304:88":17,"f:307:8:307:28":69,"s:308:17:308:71":117,"s:309:18:309:82":118,"f:309:23:309:34":70,"s:309:43:309:82":119,"b:310:4:315:Infinity:312:11:315:Infinity":18,"s:310:4:315:Infinity":120,"s:311:6:311:Infinity":121,"s:313:19:313:28":122,"s:314:6:314:Infinity":123,"s:315:6:315:Infinity":124,"f:319:8:319:25":71,"s:320:17:320:71":125,"s:321:4:321:Infinity":126,"b:321:11:321:62:321:66:321:Infinity":19,"f:321:16:321:22":72,"s:321:31:321:62":127,"f:324:8:324:55":73,"s:325:4:325:Infinity":128,"f:328:16:328:27":74,"s:329:16:329:45":129,"b:330:4:330:Infinity:undefined:undefined:undefined:undefined":20,"s:330:4:330:Infinity":130,"s:330:14:330:Infinity":131,"s:332:4:336:Infinity":132,"s:333:21:333:36":133,"s:334:6:334:Infinity":134,"b:334:37:334:46:334:46:334:48":21,"s:336:6:336:Infinity":135,"f:340:16:340:27":75,"s:341:4:341:Infinity":136,"f:346:9:346:26":76,"b:347:2:347:Infinity:undefined:undefined:undefined:undefined":22,"s:347:2:347:Infinity":137,"s:347:24:347:Infinity":138,"s:348:2:348:Infinity":139,"f:351:9:351:46":77,"s:352:16:352:62":140,"f:352:21:352:32":78,"s:352:41:352:62":141,"b:353:2:353:Infinity:undefined:undefined:undefined:undefined":23,"s:353:2:353:Infinity":142,"s:353:17:353:Infinity":143,"s:355:15:355:24":144,"s:356:2:356:Infinity":145,"s:357:2:357:Infinity":146,"f:360:9:360:Infinity":79,"s:366:20:366:34":147,"s:367:16:367:75":148,"f:367:21:367:32":80,"s:367:41:367:75":149,"b:368:2:368:Infinity:undefined:undefined:undefined:undefined":24,"s:368:2:368:Infinity":150,"s:368:17:368:Infinity":151,"s:370:15:370:24":152,"s:371:2:371:Infinity":153,"s:372:2:372:Infinity":154}}}
,"/Users/admin/Projects/my-stocks/packages/domain/src/services/AccountService.ts": {"path":"/Users/admin/Projects/my-stocks/packages/domain/src/services/AccountService.ts","statementMap":{"0":{"start":{"line":26,"column":31},"end":{"line":26,"column":64}},"1":{"start":{"line":29,"column":21},"end":{"line":29,"column":83}},"2":{"start":{"line":30,"column":16},"end":{"line":30,"column":40}},"3":{"start":{"line":32,"column":29},"end":{"line":38,"column":null}},"4":{"start":{"line":40,"column":4},"end":{"line":40,"column":null}},"5":{"start":{"line":41,"column":4},"end":{"line":41,"column":null}},"6":{"start":{"line":45,"column":21},"end":{"line":45,"column":76}},"7":{"start":{"line":46,"column":4},"end":{"line":47,"column":null}},"8":{"start":{"line":47,"column":6},"end":{"line":47,"column":null}},"9":{"start":{"line":50,"column":29},"end":{"line":55,"column":null}},"10":{"start":{"line":57,"column":4},"end":{"line":57,"column":null}},"11":{"start":{"line":58,"column":4},"end":{"line":58,"column":null}},"12":{"start":{"line":62,"column":4},"end":{"line":62,"column":null}},"13":{"start":{"line":66,"column":4},"end":{"line":66,"column":null}},"14":{"start":{"line":70,"column":16},"end":{"line":70,"column":40}},"15":{"start":{"line":71,"column":31},"end":{"line":71,"column":33}},"16":{"start":{"line":72,"column":31},"end":{"line":72,"column":33}},"17":{"start":{"line":73,"column":33},"end":{"line":73,"column":35}},"18":{"start":{"line":75,"column":4},"end":{"line":98,"column":null}},"19":{"start":{"line":76,"column":23},"end":{"line":76,"column":90}},"20":{"start":{"line":77,"column":26},"end":{"line":77,"column":null}},"21":{"start":{"line":79,"column":6},"end":{"line":98,"column":null}},"22":{"start":{"line":80,"column":33},"end":{"line":86,"column":null}},"23":{"start":{"line":87,"column":8},"end":{"line":87,"column":null}},"24":{"start":{"line":88,"column":8},"end":{"line":88,"column":null}},"25":{"start":{"line":89,"column":17},"end":{"line":98,"column":null}},"26":{"start":{"line":90,"column":33},"end":{"line":94,"column":null}},"27":{"start":{"line":95,"column":8},"end":{"line":95,"column":null}},"28":{"start":{"line":96,"column":8},"end":{"line":96,"column":null}},"29":{"start":{"line":98,"column":8},"end":{"line":98,"column":null}},"30":{"start":{"line":102,"column":4},"end":{"line":102,"column":null}},"31":{"start":{"line":106,"column":4},"end":{"line":106,"column":null}},"32":{"start":{"line":106,"column":35},"end":{"line":106,"column":null}},"33":{"start":{"line":107,"column":27},"end":{"line":107,"column":null}},"34":{"start":{"line":108,"column":4},"end":{"line":108,"column":null}},"35":{"start":{"line":117,"column":20},"end":{"line":117,"column":51}},"36":{"start":{"line":118,"column":14},"end":{"line":118,"column":38}},"37":{"start":{"line":120,"column":2},"end":{"line":130,"column":null}},"38":{"start":{"line":121,"column":21},"end":{"line":121,"column":73}},"39":{"start":{"line":122,"column":4},"end":{"line":122,"column":null}},"40":{"start":{"line":122,"column":29},"end":{"line":122,"column":null}},"41":{"start":{"line":124,"column":4},"end":{"line":130,"column":null}}},"fnMap":{"0":{"name":"(anonymous_0)","decl":{"start":{"line":26,"column":2},"end":{"line":26,"column":14}},"loc":{"start":{"line":26,"column":64},"end":{"line":26,"column":64}},"line":26},"1":{"name":"(anonymous_1)","decl":{"start":{"line":28,"column":8},"end":{"line":28,"column":22}},"loc":{"start":{"line":28,"column":69},"end":{"line":41,"column":null}},"line":28},"2":{"name":"(anonymous_2)","decl":{"start":{"line":44,"column":8},"end":{"line":44,"column":22}},"loc":{"start":{"line":44,"column":108},"end":{"line":58,"column":null}},"line":44},"3":{"name":"(anonymous_3)","decl":{"start":{"line":61,"column":8},"end":{"line":61,"column":16}},"loc":{"start":{"line":61,"column":80},"end":{"line":62,"column":null}},"line":61},"4":{"name":"(anonymous_4)","decl":{"start":{"line":65,"column":8},"end":{"line":65,"column":23}},"loc":{"start":{"line":65,"column":63},"end":{"line":66,"column":null}},"line":65},"5":{"name":"(anonymous_5)","decl":{"start":{"line":69,"column":8},"end":{"line":69,"column":25}},"loc":{"start":{"line":69,"column":83},"end":{"line":102,"column":null}},"line":69},"6":{"name":"(anonymous_6)","decl":{"start":{"line":105,"column":2},"end":{"line":105,"column":10}},"loc":{"start":{"line":105,"column":82},"end":{"line":108,"column":null}},"line":105},"7":{"name":"ensureDefaultAccounts","decl":{"start":{"line":116,"column":22},"end":{"line":116,"column":44}},"loc":{"start":{"line":116,"column":92},"end":{"line":130,"column":null}},"line":116}},"branchMap":{"0":{"loc":{"start":{"line":36,"column":17},"end":{"line":36,"column":null}},"type":"binary-expr","locations":[{"start":{"line":36,"column":17},"end":{"line":36,"column":40}},{"start":{"line":36,"column":40},"end":{"line":36,"column":null}}],"line":36},"1":{"loc":{"start":{"line":46,"column":4},"end":{"line":47,"column":null}},"type":"if","locations":[{"start":{"line":46,"column":4},"end":{"line":47,"column":null}},{"start":{},"end":{}}],"line":46},"2":{"loc":{"start":{"line":77,"column":26},"end":{"line":77,"column":null}},"type":"binary-expr","locations":[{"start":{"line":77,"column":26},"end":{"line":77,"column":49}},{"start":{"line":77,"column":49},"end":{"line":77,"column":null}}],"line":77},"3":{"loc":{"start":{"line":79,"column":6},"end":{"line":98,"column":null}},"type":"if","locations":[{"start":{"line":79,"column":6},"end":{"line":98,"column":null}},{"start":{"line":89,"column":17},"end":{"line":98,"column":null}}],"line":79},"4":{"loc":{"start":{"line":89,"column":17},"end":{"line":98,"column":null}},"type":"if","locations":[{"start":{"line":89,"column":17},"end":{"line":98,"column":null}},{"start":{"line":97,"column":13},"end":{"line":98,"column":null}}],"line":89},"5":{"loc":{"start":{"line":106,"column":4},"end":{"line":106,"column":null}},"type":"if","locations":[{"start":{"line":106,"column":4},"end":{"line":106,"column":null}},{"start":{},"end":{}}],"line":106},"6":{"loc":{"start":{"line":107,"column":27},"end":{"line":107,"column":null}},"type":"binary-expr","locations":[{"start":{"line":107,"column":27},"end":{"line":107,"column":50}},{"start":{"line":107,"column":50},"end":{"line":107,"column":null}}],"line":107},"7":{"loc":{"start":{"line":122,"column":4},"end":{"line":122,"column":null}},"type":"if","locations":[{"start":{"line":122,"column":4},"end":{"line":122,"column":null}},{"start":{},"end":{}}],"line":122}},"s":{"0":18,"1":3,"2":3,"3":3,"4":3,"5":3,"6":1,"7":1,"8":0,"9":1,"10":1,"11":1,"12":0,"13":0,"14":11,"15":11,"16":11,"17":11,"18":11,"19":26,"20":26,"21":26,"22":19,"23":19,"24":19,"25":7,"26":1,"27":1,"28":1,"29":6,"30":11,"31":7,"32":1,"33":6,"34":7,"35":0,"36":0,"37":0,"38":0,"39":0,"40":0,"41":0},"f":{"0":18,"1":3,"2":1,"3":0,"4":0,"5":11,"6":7,"7":0},"b":{"0":[3,3],"1":[0,1],"2":[26,7],"3":[19,7],"4":[1,6],"5":[1,6],"6":[6,1],"7":[0,0]},"meta":{"lastBranch":8,"lastFunction":8,"lastStatement":42,"seen":{"f:26:2:26:14":0,"s:26:31:26:64":0,"f:28:8:28:22":1,"s:29:21:29:83":1,"s:30:16:30:40":2,"s:32:29:38:Infinity":3,"b:36:17:36:40:36:40:36:Infinity":0,"s:40:4:40:Infinity":4,"s:41:4:41:Infinity":5,"f:44:8:44:22":2,"s:45:21:45:76":6,"b:46:4:47:Infinity:undefined:undefined:undefined:undefined":1,"s:46:4:47:Infinity":7,"s:47:6:47:Infinity":8,"s:50:29:55:Infinity":9,"s:57:4:57:Infinity":10,"s:58:4:58:Infinity":11,"f:61:8:61:16":3,"s:62:4:62:Infinity":12,"f:65:8:65:23":4,"s:66:4:66:Infinity":13,"f:69:8:69:25":5,"s:70:16:70:40":14,"s:71:31:71:33":15,"s:72:31:72:33":16,"s:73:33:73:35":17,"s:75:4:98:Infinity":18,"s:76:23:76:90":19,"s:77:26:77:Infinity":20,"b:77:26:77:49:77:49:77:Infinity":2,"b:79:6:98:Infinity:89:17:98:Infinity":3,"s:79:6:98:Infinity":21,"s:80:33:86:Infinity":22,"s:87:8:87:Infinity":23,"s:88:8:88:Infinity":24,"b:89:17:98:Infinity:97:13:98:Infinity":4,"s:89:17:98:Infinity":25,"s:90:33:94:Infinity":26,"s:95:8:95:Infinity":27,"s:96:8:96:Infinity":28,"s:98:8:98:Infinity":29,"s:102:4:102:Infinity":30,"f:105:2:105:10":6,"b:106:4:106:Infinity:undefined:undefined:undefined:undefined":5,"s:106:4:106:Infinity":31,"s:106:35:106:Infinity":32,"s:107:27:107:Infinity":33,"b:107:27:107:50:107:50:107:Infinity":6,"s:108:4:108:Infinity":34,"f:116:22:116:44":7,"s:117:20:117:51":35,"s:118:14:118:38":36,"s:120:2:130:Infinity":37,"s:121:21:121:73":38,"b:122:4:122:Infinity:undefined:undefined:undefined:undefined":7,"s:122:4:122:Infinity":39,"s:122:29:122:Infinity":40,"s:124:4:130:Infinity":41}}}
,"/Users/admin/Projects/my-stocks/packages/domain/src/services/ImportOrchestrator.ts": {"path":"/Users/admin/Projects/my-stocks/packages/domain/src/services/ImportOrchestrator.ts","statementMap":{"0":{"start":{"line":56,"column":21},"end":{"line":56,"column":null}},"1":{"start":{"line":59,"column":4},"end":{"line":59,"column":null}},"2":{"start":{"line":59,"column":54},"end":{"line":59,"column":83}},"3":{"start":{"line":68,"column":20},"end":{"line":68,"column":112}},"4":{"start":{"line":69,"column":4},"end":{"line":69,"column":null}},"5":{"start":{"line":70,"column":20},"end":{"line":70,"column":67}},"6":{"start":{"line":71,"column":4},"end":{"line":71,"column":null}},"7":{"start":{"line":81,"column":20},"end":{"line":81,"column":112}},"8":{"start":{"line":82,"column":4},"end":{"line":82,"column":null}},"9":{"start":{"line":83,"column":20},"end":{"line":83,"column":67}},"10":{"start":{"line":85,"column":22},"end":{"line":85,"column":30}},"11":{"start":{"line":86,"column":18},"end":{"line":86,"column":31}},"12":{"start":{"line":88,"column":36},"end":{"line":100,"column":null}},"13":{"start":{"line":102,"column":4},"end":{"line":102,"column":null}},"14":{"start":{"line":104,"column":4},"end":{"line":154,"column":null}},"15":{"start":{"line":105,"column":22},"end":{"line":105,"column":68}},"16":{"start":{"line":107,"column":38},"end":{"line":123,"column":9}},"17":{"start":{"line":111,"column":22},"end":{"line":123,"column":9}},"18":{"start":{"line":125,"column":6},"end":{"line":125,"column":null}},"19":{"start":{"line":126,"column":6},"end":{"line":126,"column":null}},"20":{"start":{"line":128,"column":44},"end":{"line":136,"column":null}},"21":{"start":{"line":138,"column":6},"end":{"line":138,"column":null}},"22":{"start":{"line":140,"column":6},"end":{"line":145,"column":null}},"23":{"start":{"line":147,"column":41},"end":{"line":152,"column":null}},"24":{"start":{"line":153,"column":6},"end":{"line":153,"column":null}},"25":{"start":{"line":154,"column":6},"end":{"line":154,"column":null}},"26":{"start":{"line":159,"column":17},"end":{"line":159,"column":88}},"27":{"start":{"line":160,"column":4},"end":{"line":160,"column":null}},"28":{"start":{"line":160,"column":35},"end":{"line":160,"column":null}},"29":{"start":{"line":162,"column":20},"end":{"line":162,"column":90}},"30":{"start":{"line":163,"column":20},"end":{"line":163,"column":67}},"31":{"start":{"line":165,"column":4},"end":{"line":165,"column":null}},"32":{"start":{"line":167,"column":39},"end":{"line":171,"column":null}},"33":{"start":{"line":173,"column":4},"end":{"line":173,"column":null}},"34":{"start":{"line":174,"column":4},"end":{"line":174,"column":null}},"35":{"start":{"line":178,"column":20},"end":{"line":178,"column":49}},"36":{"start":{"line":179,"column":4},"end":{"line":180,"column":null}},"37":{"start":{"line":180,"column":6},"end":{"line":180,"column":null}},"38":{"start":{"line":182,"column":4},"end":{"line":182,"column":null}},"39":{"start":{"line":186,"column":24},"end":{"line":186,"column":87}},"40":{"start":{"line":187,"column":4},"end":{"line":188,"column":null}},"41":{"start":{"line":188,"column":6},"end":{"line":188,"column":null}},"42":{"start":{"line":191,"column":4},"end":{"line":192,"column":null}},"43":{"start":{"line":192,"column":6},"end":{"line":192,"column":null}},"44":{"start":{"line":195,"column":20},"end":{"line":195,"column":88}},"45":{"start":{"line":196,"column":4},"end":{"line":197,"column":null}},"46":{"start":{"line":197,"column":6},"end":{"line":197,"column":null}},"47":{"start":{"line":200,"column":4},"end":{"line":200,"column":null}},"48":{"start":{"line":202,"column":4},"end":{"line":208,"column":null}},"49":{"start":{"line":215,"column":31},"end":{"line":215,"column":64}},"50":{"start":{"line":213,"column":24},"end":{"line":213,"column":null}},"51":{"start":{"line":218,"column":23},"end":{"line":218,"column":40}},"52":{"start":{"line":219,"column":4},"end":{"line":226,"column":null}},"53":{"start":{"line":220,"column":6},"end":{"line":226,"column":null}},"54":{"start":{"line":229,"column":27},"end":{"line":229,"column":89}},"55":{"start":{"line":230,"column":28},"end":{"line":230,"column":89}},"56":{"start":{"line":231,"column":32},"end":{"line":231,"column":122}},"57":{"start":{"line":231,"column":73},"end":{"line":231,"column":120}},"58":{"start":{"line":232,"column":28},"end":{"line":232,"column":83}},"59":{"start":{"line":232,"column":66},"end":{"line":232,"column":82}},"60":{"start":{"line":233,"column":34},"end":{"line":233,"column":94}},"61":{"start":{"line":235,"column":24},"end":{"line":246,"column":null}},"62":{"start":{"line":236,"column":6},"end":{"line":246,"column":8}},"63":{"start":{"line":249,"column":4},"end":{"line":255,"column":null}},"64":{"start":{"line":252,"column":45},"end":{"line":252,"column":77}},"65":{"start":{"line":253,"column":47},"end":{"line":253,"column":60}},"66":{"start":{"line":254,"column":49},"end":{"line":254,"column":null}},"67":{"start":{"line":259,"column":19},"end":{"line":262,"column":7}},"68":{"start":{"line":259,"column":51},"end":{"line":262,"column":7}},"69":{"start":{"line":263,"column":4},"end":{"line":263,"column":null}},"70":{"start":{"line":267,"column":19},"end":{"line":267,"column":69}},"71":{"start":{"line":268,"column":22},"end":{"line":268,"column":30}},"72":{"start":{"line":269,"column":24},"end":{"line":269,"column":94}},"73":{"start":{"line":269,"column":47},"end":{"line":269,"column":94}},"74":{"start":{"line":270,"column":4},"end":{"line":270,"column":null}},"75":{"start":{"line":277,"column":31},"end":{"line":277,"column":64}},"76":{"start":{"line":275,"column":24},"end":{"line":275,"column":null}},"77":{"start":{"line":280,"column":23},"end":{"line":280,"column":40}},"78":{"start":{"line":281,"column":4},"end":{"line":288,"column":null}},"79":{"start":{"line":282,"column":6},"end":{"line":288,"column":null}},"80":{"start":{"line":291,"column":21},"end":{"line":291,"column":109}},"81":{"start":{"line":292,"column":31},"end":{"line":292,"column":71}},"82":{"start":{"line":293,"column":4},"end":{"line":294,"column":null}},"83":{"start":{"line":294,"column":6},"end":{"line":294,"column":null}},"84":{"start":{"line":297,"column":24},"end":{"line":307,"column":null}},"85":{"start":{"line":298,"column":6},"end":{"line":307,"column":8}},"86":{"start":{"line":310,"column":4},"end":{"line":316,"column":null}},"87":{"start":{"line":313,"column":45},"end":{"line":313,"column":77}},"88":{"start":{"line":314,"column":47},"end":{"line":314,"column":60}},"89":{"start":{"line":315,"column":49},"end":{"line":315,"column":null}},"90":{"start":{"line":320,"column":21},"end":{"line":320,"column":109}},"91":{"start":{"line":323,"column":23},"end":{"line":323,"column":40}},"92":{"start":{"line":324,"column":4},"end":{"line":326,"column":null}},"93":{"start":{"line":325,"column":6},"end":{"line":326,"column":null}},"94":{"start":{"line":326,"column":8},"end":{"line":326,"column":null}},"95":{"start":{"line":331,"column":22},"end":{"line":331,"column":30}},"96":{"start":{"line":332,"column":21},"end":{"line":332,"column":96}},"97":{"start":{"line":332,"column":49},"end":{"line":332,"column":95}},"98":{"start":{"line":333,"column":4},"end":{"line":335,"column":null}},"99":{"start":{"line":334,"column":26},"end":{"line":334,"column":100}},"100":{"start":{"line":334,"column":52},"end":{"line":334,"column":100}},"101":{"start":{"line":335,"column":6},"end":{"line":335,"column":null}},"102":{"start":{"line":339,"column":31},"end":{"line":339,"column":71}},"103":{"start":{"line":340,"column":4},"end":{"line":341,"column":null}},"104":{"start":{"line":341,"column":6},"end":{"line":341,"column":null}},"105":{"start":{"line":344,"column":45},"end":{"line":344,"column":47}},"106":{"start":{"line":345,"column":4},"end":{"line":364,"column":null}},"107":{"start":{"line":346,"column":25},"end":{"line":346,"column":null}},"108":{"start":{"line":347,"column":26},"end":{"line":347,"column":59}},"109":{"start":{"line":348,"column":29},"end":{"line":348,"column":64}},"110":{"start":{"line":350,"column":6},"end":{"line":364,"column":null}},"111":{"start":{"line":352,"column":8},"end":{"line":358,"column":null}},"112":{"start":{"line":361,"column":8},"end":{"line":364,"column":null}},"113":{"start":{"line":368,"column":4},"end":{"line":369,"column":null}},"114":{"start":{"line":369,"column":6},"end":{"line":369,"column":null}},"115":{"start":{"line":374,"column":20},"end":{"line":374,"column":78}},"116":{"start":{"line":375,"column":22},"end":{"line":375,"column":30}},"117":{"start":{"line":376,"column":24},"end":{"line":376,"column":97}},"118":{"start":{"line":376,"column":49},"end":{"line":376,"column":97}},"119":{"start":{"line":377,"column":4},"end":{"line":377,"column":null}},"120":{"start":{"line":392,"column":28},"end":{"line":392,"column":73}},"121":{"start":{"line":393,"column":2},"end":{"line":401,"column":null}},"122":{"start":{"line":394,"column":4},"end":{"line":401,"column":null}},"123":{"start":{"line":404,"column":39},"end":{"line":412,"column":null}},"124":{"start":{"line":414,"column":28},"end":{"line":418,"column":null}},"125":{"start":{"line":420,"column":2},"end":{"line":428,"column":null}},"126":{"start":{"line":421,"column":4},"end":{"line":428,"column":null}},"127":{"start":{"line":430,"column":47},"end":{"line":430,"column":null}},"128":{"start":{"line":432,"column":20},"end":{"line":432,"column":79}},"129":{"start":{"line":434,"column":2},"end":{"line":442,"column":null}},"130":{"start":{"line":455,"column":28},"end":{"line":455,"column":75}},"131":{"start":{"line":456,"column":2},"end":{"line":464,"column":null}},"132":{"start":{"line":457,"column":4},"end":{"line":464,"column":null}},"133":{"start":{"line":467,"column":44},"end":{"line":475,"column":null}},"134":{"start":{"line":478,"column":20},"end":{"line":478,"column":67}},"135":{"start":{"line":479,"column":2},"end":{"line":488,"column":null}},"136":{"start":{"line":480,"column":4},"end":{"line":488,"column":null}},"137":{"start":{"line":492,"column":2},"end":{"line":503,"column":null}},"138":{"start":{"line":493,"column":24},"end":{"line":493,"column":88}},"139":{"start":{"line":494,"column":4},"end":{"line":503,"column":null}},"140":{"start":{"line":495,"column":6},"end":{"line":503,"column":null}},"141":{"start":{"line":507,"column":2},"end":{"line":513,"column":null}},"142":{"start":{"line":522,"column":8},"end":{"line":526,"column":null}},"143":{"start":{"line":523,"column":25},"end":{"line":523,"column":null}},"144":{"start":{"line":524,"column":16},"end":{"line":524,"column":null}},"145":{"start":{"line":525,"column":19},"end":{"line":525,"column":null}},"146":{"start":{"line":526,"column":4},"end":{"line":526,"column":null}},"147":{"start":{"line":529,"column":20},"end":{"line":529,"column":37}},"148":{"start":{"line":530,"column":17},"end":{"line":530,"column":31}},"149":{"start":{"line":531,"column":24},"end":{"line":531,"column":null}},"150":{"start":{"line":532,"column":18},"end":{"line":532,"column":44}},"151":{"start":{"line":533,"column":22},"end":{"line":533,"column":38}},"152":{"start":{"line":534,"column":19},"end":{"line":534,"column":32}},"153":{"start":{"line":535,"column":18},"end":{"line":535,"column":null}},"154":{"start":{"line":536,"column":19},"end":{"line":536,"column":null}},"155":{"start":{"line":537,"column":18},"end":{"line":537,"column":33}},"156":{"start":{"line":538,"column":26},"end":{"line":538,"column":null}},"157":{"start":{"line":539,"column":15},"end":{"line":539,"column":null}},"158":{"start":{"line":541,"column":2},"end":{"line":545,"column":null}},"159":{"start":{"line":542,"column":4},"end":{"line":545,"column":null}},"160":{"start":{"line":548,"column":2},"end":{"line":549,"column":null}},"161":{"start":{"line":549,"column":4},"end":{"line":549,"column":null}},"162":{"start":{"line":551,"column":31},"end":{"line":551,"column":null}},"163":{"start":{"line":553,"column":19},"end":{"line":553,"column":38}},"164":{"start":{"line":554,"column":16},"end":{"line":554,"column":32}},"165":{"start":{"line":555,"column":15},"end":{"line":555,"column":30}},"166":{"start":{"line":557,"column":2},"end":{"line":558,"column":null}},"167":{"start":{"line":558,"column":4},"end":{"line":558,"column":null}},"168":{"start":{"line":561,"column":2},"end":{"line":562,"column":null}},"169":{"start":{"line":562,"column":4},"end":{"line":562,"column":null}},"170":{"start":{"line":565,"column":2},"end":{"line":566,"column":null}},"171":{"start":{"line":566,"column":4},"end":{"line":566,"column":null}},"172":{"start":{"line":569,"column":2},"end":{"line":583,"column":null}},"173":{"start":{"line":592,"column":8},"end":{"line":596,"column":null}},"174":{"start":{"line":593,"column":25},"end":{"line":593,"column":null}},"175":{"start":{"line":594,"column":16},"end":{"line":594,"column":null}},"176":{"start":{"line":595,"column":19},"end":{"line":595,"column":null}},"177":{"start":{"line":596,"column":4},"end":{"line":596,"column":null}},"178":{"start":{"line":599,"column":21},"end":{"line":599,"column":39}},"179":{"start":{"line":600,"column":23},"end":{"line":600,"column":43}},"180":{"start":{"line":601,"column":21},"end":{"line":601,"column":39}},"181":{"start":{"line":602,"column":22},"end":{"line":602,"column":38}},"182":{"start":{"line":603,"column":23},"end":{"line":603,"column":40}},"183":{"start":{"line":604,"column":19},"end":{"line":604,"column":35}},"184":{"start":{"line":605,"column":24},"end":{"line":605,"column":42}},"185":{"start":{"line":606,"column":26},"end":{"line":606,"column":46}},"186":{"start":{"line":608,"column":2},"end":{"line":612,"column":null}},"187":{"start":{"line":609,"column":4},"end":{"line":612,"column":null}},"188":{"start":{"line":615,"column":19},"end":{"line":615,"column":52}},"189":{"start":{"line":616,"column":18},"end":{"line":616,"column":52}},"190":{"start":{"line":617,"column":21},"end":{"line":617,"column":null}},"191":{"start":{"line":618,"column":21},"end":{"line":618,"column":57}},"192":{"start":{"line":620,"column":2},"end":{"line":621,"column":null}},"193":{"start":{"line":621,"column":4},"end":{"line":621,"column":null}},"194":{"start":{"line":623,"column":2},"end":{"line":624,"column":null}},"195":{"start":{"line":624,"column":4},"end":{"line":624,"column":null}},"196":{"start":{"line":626,"column":2},"end":{"line":627,"column":null}},"197":{"start":{"line":627,"column":4},"end":{"line":627,"column":null}},"198":{"start":{"line":629,"column":2},"end":{"line":630,"column":null}},"199":{"start":{"line":630,"column":4},"end":{"line":630,"column":null}},"200":{"start":{"line":634,"column":29},"end":{"line":634,"column":60}},"201":{"start":{"line":639,"column":19},"end":{"line":639,"column":null}},"202":{"start":{"line":640,"column":2},"end":{"line":643,"column":null}},"203":{"start":{"line":641,"column":4},"end":{"line":641,"column":null}},"204":{"start":{"line":642,"column":4},"end":{"line":643,"column":null}},"205":{"start":{"line":643,"column":6},"end":{"line":643,"column":null}},"206":{"start":{"line":647,"column":2},"end":{"line":658,"column":null}},"207":{"start":{"line":662,"column":2},"end":{"line":666,"column":null}},"208":{"start":{"line":663,"column":23},"end":{"line":664,"column":null}},"209":{"start":{"line":664,"column":16},"end":{"line":664,"column":null}},"210":{"start":{"line":666,"column":4},"end":{"line":666,"column":null}},"211":{"start":{"line":666,"column":20},"end":{"line":666,"column":null}},"212":{"start":{"line":669,"column":23},"end":{"line":669,"column":46}},"213":{"start":{"line":670,"column":2},"end":{"line":670,"column":null}},"214":{"start":{"line":670,"column":33},"end":{"line":670,"column":69}},"215":{"start":{"line":674,"column":2},"end":{"line":674,"column":null}},"216":{"start":{"line":678,"column":14},"end":{"line":678,"column":44}},"217":{"start":{"line":679,"column":2},"end":{"line":679,"column":null}},"218":{"start":{"line":679,"column":33},"end":{"line":679,"column":67}},"219":{"start":{"line":683,"column":2},"end":{"line":683,"column":null}},"220":{"start":{"line":688,"column":2},"end":{"line":688,"column":null}},"221":{"start":{"line":692,"column":16},"end":{"line":695,"column":38}},"222":{"start":{"line":694,"column":19},"end":{"line":694,"column":30}},"223":{"start":{"line":695,"column":22},"end":{"line":695,"column":38}},"224":{"start":{"line":697,"column":2},"end":{"line":697,"column":null}},"225":{"start":{"line":697,"column":24},"end":{"line":697,"column":null}},"226":{"start":{"line":699,"column":18},"end":{"line":699,"column":40}},"227":{"start":{"line":700,"column":41},"end":{"line":700,"column":43}},"228":{"start":{"line":702,"column":2},"end":{"line":708,"column":null}},"229":{"start":{"line":702,"column":15},"end":{"line":702,"column":18}},"230":{"start":{"line":703,"column":17},"end":{"line":703,"column":39}},"231":{"start":{"line":704,"column":40},"end":{"line":704,"column":42}},"232":{"start":{"line":705,"column":4},"end":{"line":706,"column":null}},"233":{"start":{"line":705,"column":17},"end":{"line":705,"column":20}},"234":{"start":{"line":706,"column":6},"end":{"line":706,"column":null}},"235":{"start":{"line":708,"column":4},"end":{"line":708,"column":null}},"236":{"start":{"line":711,"column":2},"end":{"line":711,"column":null}},"237":{"start":{"line":715,"column":27},"end":{"line":715,"column":29}},"238":{"start":{"line":716,"column":16},"end":{"line":716,"column":null}},"239":{"start":{"line":717,"column":17},"end":{"line":717,"column":null}},"240":{"start":{"line":719,"column":2},"end":{"line":739,"column":null}},"241":{"start":{"line":719,"column":15},"end":{"line":719,"column":18}},"242":{"start":{"line":720,"column":17},"end":{"line":720,"column":null}},"243":{"start":{"line":722,"column":4},"end":{"line":730,"column":null}},"244":{"start":{"line":723,"column":19},"end":{"line":723,"column":null}},"245":{"start":{"line":724,"column":6},"end":{"line":728,"column":null}},"246":{"start":{"line":725,"column":8},"end":{"line":725,"column":null}},"247":{"start":{"line":726,"column":8},"end":{"line":726,"column":null}},"248":{"start":{"line":728,"column":8},"end":{"line":728,"column":null}},"249":{"start":{"line":730,"column":6},"end":{"line":730,"column":null}},"250":{"start":{"line":733,"column":4},"end":{"line":736,"column":null}},"251":{"start":{"line":734,"column":6},"end":{"line":734,"column":null}},"252":{"start":{"line":735,"column":6},"end":{"line":735,"column":null}},"253":{"start":{"line":736,"column":6},"end":{"line":736,"column":null}},"254":{"start":{"line":739,"column":4},"end":{"line":739,"column":null}},"255":{"start":{"line":742,"column":2},"end":{"line":742,"column":null}},"256":{"start":{"line":743,"column":2},"end":{"line":743,"column":null}},"257":{"start":{"line":743,"column":31},"end":{"line":743,"column":43}},"258":{"start":{"line":747,"column":16},"end":{"line":747,"column":65}},"259":{"start":{"line":748,"column":2},"end":{"line":748,"column":null}},"260":{"start":{"line":748,"column":14},"end":{"line":748,"column":null}},"261":{"start":{"line":749,"column":27},"end":{"line":749,"column":null}},"262":{"start":{"line":750,"column":2},"end":{"line":750,"column":null}},"263":{"start":{"line":754,"column":18},"end":{"line":754,"column":48}},"264":{"start":{"line":755,"column":2},"end":{"line":755,"column":null}},"265":{"start":{"line":755,"column":16},"end":{"line":755,"column":null}},"266":{"start":{"line":756,"column":2},"end":{"line":756,"column":null}},"267":{"start":{"line":760,"column":2},"end":{"line":765,"column":null}},"268":{"start":{"line":769,"column":2},"end":{"line":769,"column":null}},"269":{"start":{"line":773,"column":2},"end":{"line":773,"column":null}},"270":{"start":{"line":777,"column":16},"end":{"line":780,"column":14}},"271":{"start":{"line":779,"column":18},"end":{"line":779,"column":39}},"272":{"start":{"line":782,"column":13},"end":{"line":782,"column":null}},"273":{"start":{"line":783,"column":2},"end":{"line":785,"column":null}},"274":{"start":{"line":783,"column":15},"end":{"line":783,"column":18}},"275":{"start":{"line":784,"column":4},"end":{"line":784,"column":null}},"276":{"start":{"line":785,"column":4},"end":{"line":785,"column":null}},"277":{"start":{"line":788,"column":2},"end":{"line":788,"column":null}},"278":{"start":{"line":794,"column":59},"end":{"line":797,"column":null}},"279":{"start":{"line":800,"column":2},"end":{"line":800,"column":null}},"280":{"start":{"line":804,"column":19},"end":{"line":804,"column":56}},"281":{"start":{"line":805,"column":18},"end":{"line":805,"column":75}},"282":{"start":{"line":805,"column":45},"end":{"line":805,"column":75}},"283":{"start":{"line":806,"column":2},"end":{"line":807,"column":null}},"284":{"start":{"line":807,"column":4},"end":{"line":807,"column":null}},"285":{"start":{"line":812,"column":8},"end":{"line":812,"column":59}},"286":{"start":{"line":813,"column":2},"end":{"line":814,"column":null}},"287":{"start":{"line":814,"column":4},"end":{"line":814,"column":null}},"288":{"start":{"line":824,"column":17},"end":{"line":824,"column":54}},"289":{"start":{"line":825,"column":2},"end":{"line":825,"column":null}},"290":{"start":{"line":825,"column":14},"end":{"line":825,"column":null}},"291":{"start":{"line":827,"column":2},"end":{"line":827,"column":null}},"292":{"start":{"line":827,"column":41},"end":{"line":827,"column":null}},"293":{"start":{"line":829,"column":2},"end":{"line":829,"column":null}},"294":{"start":{"line":829,"column":29},"end":{"line":829,"column":null}},"295":{"start":{"line":831,"column":2},"end":{"line":831,"column":null}}},"fnMap":{"0":{"name":"(anonymous_0)","decl":{"start":{"line":55,"column":2},"end":{"line":55,"column":null}},"loc":{"start":{"line":58,"column":4},"end":{"line":59,"column":null}},"line":58},"1":{"name":"(anonymous_1)","decl":{"start":{"line":59,"column":37},"end":{"line":59,"column":42}},"loc":{"start":{"line":59,"column":54},"end":{"line":59,"column":83}},"line":59},"2":{"name":"(anonymous_2)","decl":{"start":{"line":62,"column":8},"end":{"line":62,"column":22}},"loc":{"start":{"line":67,"column":35},"end":{"line":71,"column":null}},"line":67},"3":{"name":"(anonymous_3)","decl":{"start":{"line":74,"column":8},"end":{"line":74,"column":21}},"loc":{"start":{"line":80,"column":34},"end":{"line":154,"column":null}},"line":80},"4":{"name":"(anonymous_4)","decl":{"start":{"line":111,"column":8},"end":{"line":111,"column":13}},"loc":{"start":{"line":111,"column":22},"end":{"line":123,"column":9}},"line":111},"5":{"name":"(anonymous_5)","decl":{"start":{"line":158,"column":8},"end":{"line":158,"column":23}},"loc":{"start":{"line":158,"column":90},"end":{"line":174,"column":null}},"line":158},"6":{"name":"(anonymous_6)","decl":{"start":{"line":177,"column":2},"end":{"line":177,"column":10}},"loc":{"start":{"line":177,"column":89},"end":{"line":182,"column":null}},"line":177},"7":{"name":"(anonymous_7)","decl":{"start":{"line":185,"column":16},"end":{"line":185,"column":31}},"loc":{"start":{"line":185,"column":126},"end":{"line":208,"column":null}},"line":185},"8":{"name":"(anonymous_8)","decl":{"start":{"line":215,"column":2},"end":{"line":215,"column":14}},"loc":{"start":{"line":215,"column":64},"end":{"line":213,"column":null}},"line":215},"9":{"name":"(anonymous_9)","decl":{"start":{"line":217,"column":8},"end":{"line":217,"column":16}},"loc":{"start":{"line":217,"column":87},"end":{"line":255,"column":null}},"line":217},"10":{"name":"(anonymous_10)","decl":{"start":{"line":231,"column":56},"end":{"line":231,"column":61}},"loc":{"start":{"line":231,"column":73},"end":{"line":231,"column":120}},"line":231},"11":{"name":"(anonymous_11)","decl":{"start":{"line":232,"column":51},"end":{"line":232,"column":56}},"loc":{"start":{"line":232,"column":66},"end":{"line":232,"column":82}},"line":232},"12":{"name":"(anonymous_12)","decl":{"start":{"line":235,"column":35},"end":{"line":235,"column":40}},"loc":{"start":{"line":236,"column":6},"end":{"line":246,"column":8}},"line":236},"13":{"name":"(anonymous_13)","decl":{"start":{"line":252,"column":29},"end":{"line":252,"column":37}},"loc":{"start":{"line":252,"column":45},"end":{"line":252,"column":77}},"line":252},"14":{"name":"(anonymous_14)","decl":{"start":{"line":253,"column":31},"end":{"line":253,"column":39}},"loc":{"start":{"line":253,"column":47},"end":{"line":253,"column":60}},"line":253},"15":{"name":"(anonymous_15)","decl":{"start":{"line":254,"column":33},"end":{"line":254,"column":41}},"loc":{"start":{"line":254,"column":49},"end":{"line":254,"column":null}},"line":254},"16":{"name":"(anonymous_16)","decl":{"start":{"line":258,"column":8},"end":{"line":258,"column":15}},"loc":{"start":{"line":258,"column":100},"end":{"line":263,"column":null}},"line":258},"17":{"name":"(anonymous_17)","decl":{"start":{"line":259,"column":37},"end":{"line":259,"column":42}},"loc":{"start":{"line":259,"column":51},"end":{"line":262,"column":7}},"line":259},"18":{"name":"(anonymous_18)","decl":{"start":{"line":266,"column":8},"end":{"line":266,"column":13}},"loc":{"start":{"line":266,"column":68},"end":{"line":270,"column":null}},"line":266},"19":{"name":"(anonymous_19)","decl":{"start":{"line":269,"column":31},"end":{"line":269,"column":36}},"loc":{"start":{"line":269,"column":47},"end":{"line":269,"column":94}},"line":269},"20":{"name":"(anonymous_20)","decl":{"start":{"line":277,"column":2},"end":{"line":277,"column":14}},"loc":{"start":{"line":277,"column":64},"end":{"line":275,"column":null}},"line":277},"21":{"name":"(anonymous_21)","decl":{"start":{"line":279,"column":8},"end":{"line":279,"column":16}},"loc":{"start":{"line":279,"column":87},"end":{"line":316,"column":null}},"line":279},"22":{"name":"(anonymous_22)","decl":{"start":{"line":297,"column":35},"end":{"line":297,"column":40}},"loc":{"start":{"line":298,"column":6},"end":{"line":307,"column":8}},"line":298},"23":{"name":"(anonymous_23)","decl":{"start":{"line":313,"column":29},"end":{"line":313,"column":37}},"loc":{"start":{"line":313,"column":45},"end":{"line":313,"column":77}},"line":313},"24":{"name":"(anonymous_24)","decl":{"start":{"line":314,"column":31},"end":{"line":314,"column":39}},"loc":{"start":{"line":314,"column":47},"end":{"line":314,"column":60}},"line":314},"25":{"name":"(anonymous_25)","decl":{"start":{"line":315,"column":33},"end":{"line":315,"column":41}},"loc":{"start":{"line":315,"column":49},"end":{"line":315,"column":null}},"line":315},"26":{"name":"(anonymous_26)","decl":{"start":{"line":319,"column":8},"end":{"line":319,"column":15}},"loc":{"start":{"line":319,"column":99},"end":{"line":369,"column":null}},"line":319},"27":{"name":"(anonymous_27)","decl":{"start":{"line":332,"column":30},"end":{"line":332,"column":38}},"loc":{"start":{"line":332,"column":49},"end":{"line":332,"column":95}},"line":332},"28":{"name":"(anonymous_28)","decl":{"start":{"line":334,"column":35},"end":{"line":334,"column":40}},"loc":{"start":{"line":334,"column":52},"end":{"line":334,"column":100}},"line":334},"29":{"name":"(anonymous_29)","decl":{"start":{"line":373,"column":8},"end":{"line":373,"column":13}},"loc":{"start":{"line":373,"column":68},"end":{"line":377,"column":null}},"line":373},"30":{"name":"(anonymous_30)","decl":{"start":{"line":376,"column":32},"end":{"line":376,"column":37}},"loc":{"start":{"line":376,"column":49},"end":{"line":376,"column":97}},"line":376},"31":{"name":"toPreviewRow","decl":{"start":{"line":381,"column":9},"end":{"line":381,"column":22}},"loc":{"start":{"line":391,"column":21},"end":{"line":442,"column":null}},"line":391},"32":{"name":"toHoldingPreviewRow","decl":{"start":{"line":445,"column":9},"end":{"line":445,"column":29}},"loc":{"start":{"line":454,"column":21},"end":{"line":513,"column":null}},"line":454},"33":{"name":"normalizeTradeRow","decl":{"start":{"line":516,"column":9},"end":{"line":516,"column":null}},"loc":{"start":{"line":521,"column":48},"end":{"line":583,"column":null}},"line":521},"34":{"name":"(anonymous_34)","decl":{"start":{"line":522,"column":8},"end":{"line":522,"column":16}},"loc":{"start":{"line":522,"column":42},"end":{"line":526,"column":null}},"line":522},"35":{"name":"normalizeHoldingRow","decl":{"start":{"line":586,"column":9},"end":{"line":586,"column":null}},"loc":{"start":{"line":591,"column":48},"end":{"line":658,"column":null}},"line":591},"36":{"name":"(anonymous_36)","decl":{"start":{"line":592,"column":8},"end":{"line":592,"column":16}},"loc":{"start":{"line":592,"column":42},"end":{"line":596,"column":null}},"line":592},"37":{"name":"isDuplicateTrade","decl":{"start":{"line":661,"column":9},"end":{"line":661,"column":26}},"loc":{"start":{"line":661,"column":94},"end":{"line":670,"column":null}},"line":661},"38":{"name":"(anonymous_38)","decl":{"start":{"line":663,"column":32},"end":{"line":663,"column":null}},"loc":{"start":{"line":664,"column":16},"end":{"line":664,"column":null}},"line":664},"39":{"name":"(anonymous_39)","decl":{"start":{"line":670,"column":18},"end":{"line":670,"column":24}},"loc":{"start":{"line":670,"column":33},"end":{"line":670,"column":69}},"line":670},"40":{"name":"compositeKey","decl":{"start":{"line":673,"column":9},"end":{"line":673,"column":22}},"loc":{"start":{"line":673,"column":52},"end":{"line":674,"column":null}},"line":673},"41":{"name":"isDuplicateHolding","decl":{"start":{"line":677,"column":9},"end":{"line":677,"column":28}},"loc":{"start":{"line":677,"column":106},"end":{"line":679,"column":null}},"line":677},"42":{"name":"(anonymous_42)","decl":{"start":{"line":679,"column":18},"end":{"line":679,"column":24}},"loc":{"start":{"line":679,"column":33},"end":{"line":679,"co
[...]
},"end":{"line":164,"column":null}}],"line":161},"9":{"loc":{"start":{"line":179,"column":21},"end":{"line":179,"column":null}},"type":"binary-expr","locations":[{"start":{"line":179,"column":21},"end":{"line":179,"column":51}},{"start":{"line":179,"column":55},"end":{"line":179,"column":null}}],"line":179},"10":{"loc":{"start":{"line":182,"column":30},"end":{"line":182,"column":null}},"type":"cond-expr","locations":[{"start":{"line":182,"column":50},"end":{"line":182,"column":78}},{"start":{"line":182,"column":78},"end":{"line":182,"column":null}}],"line":182}},"s":{"0":7,"1":4,"2":4,"3":4,"4":4,"5":0,"6":4,"7":7,"8":7,"9":4,"10":16,"11":4,"12":4,"13":6,"14":2,"15":4,"16":4,"17":4,"18":5,"19":4,"20":4,"21":16,"22":16,"23":10,"24":6,"25":4,"26":6,"27":10,"28":10,"29":10,"30":0,"31":6,"32":16,"33":6,"34":6,"35":6,"36":6,"37":6,"38":6,"39":6,"40":6,"41":16,"42":16,"43":10,"44":6,"45":6,"46":6,"47":6,"48":6,"49":16,"50":16,"51":6,"52":0},"f":{"0":7,"1":4,"2":0,"3":7,"4":7,"5":16,"6":6,"7":2,"8":4,"9":5,"10":4,"11":6,"12":10,"13":16,"14":6,"15":6,"16":0},"b":{"0":[7,7],"1":[16,16,16],"2":[4,0],"3":[10,6],"4":[10,0],"5":[16,0],"6":[6,0],"7":[6,6],"8":[10,6],"9":[6,6],"10":[6,0]},"meta":{"lastBranch":11,"lastFunction":17,"lastStatement":53,"seen":{"f:52:2:52:14":0,"s:52:31:52:64":0,"f:54:8:54:25":1,"s:55:20:55:89":1,"s:56:17:56:82":2,"s:57:21:57:84":3,"s:59:28:60:Infinity":4,"f:60:15:60:20":2,"s:60:26:60:40":5,"s:63:24:66:Infinity":6,"f:65:9:65:17":3,"s:65:25:65:67":7,"b:65:25:65:53:65:53:65:67":0,"f:66:9:66:14":4,"s:66:22:66:29":8,"s:69:21:69:107":9,"f:69:29:69:37":5,"s:69:43:69:106":10,"b:69:43:69:59:69:59:69:76:69:76:69:106":1,"s:71:20:71:47":11,"s:72:22:74:63":12,"f:73:7:73:12":6,"s:73:35:73:83":13,"f:74:7:74:13":7,"s:74:22:74:62":14,"s:76:4:81:Infinity":15,"f:84:8:84:24":8,"s:85:17:85:79":16,"s:86:4:86:Infinity":17,"b:86:11:86:73:86:77:86:Infinity":2,"f:86:26:86:32":9,"s:86:38:86:73":18,"f:90:9:90:27":10,"s:91:14:91:56":19,"s:92:2:97:Infinity":20,"s:93:21:93:47":21,"b:94:4:97:Infinity:96:11:97:Infinity":3,"s:94:4:97:Infinity":22,"s:95:6:95:Infinity":23,"s:97:6:97:Infinity":24,"s:100:2:100:Infinity":25,"f:103:9:103:Infinity":11,"s:108:17:112:Infinity":26,"f:108:30:108:36":12,"s:109:20:109:60":27,"b:110:4:110:Infinity:undefined:undefined:undefined:undefined":4,"s:110:4:110:Infinity":28,"s:110:23:110:Infinity":29,"s:111:4:111:Infinity":30,"s:114:30:127:5":31,"f:114:37:114:42":13,"s:114:54:127:5":32,"b:118:15:118:30:118:30:118:Infinity":5,"s:129:16:129:Infinity":33,"s:130:8:130:43":34,"b:133:2:134:Infinity:undefined:undefined:undefined:undefined":6,"s:133:2:134:Infinity":35,"b:133:6:133:52:133:52:133:75":7,"s:134:4:134:Infinity":36,"s:137:27:137:71":37,"s:139:2:151:Infinity":38,"f:154:9:154:Infinity":14,"s:158:18:158:50":39,"s:159:2:164:Infinity":40,"s:160:21:160:47":41,"b:161:4:164:Infinity:163:11:164:Infinity":8,"s:161:4:164:Infinity":42,"s:162:6:162:Infinity":43,"s:164:6:164:Infinity":44,"s:168:2:187:Infinity":45,"f:169:5:169:10":15,"s:170:26:170:Infinity":46,"s:171:22:171:Infinity":47,"s:172:6:174:Infinity":48,"s:173:8:173:Infinity":49,"s:174:8:174:Infinity":50,"s:177:6:185:Infinity":51,"b:179:21:179:51:179:55:179:Infinity":9,"b:182:50:182:78:182:78:182:Infinity":10,"f:187:5:187:11":16,"s:187:20:187:58":52}}}
,"/Users/admin/Projects/my-stocks/packages/domain/src/services/TotalHoldingsStateBuilder.ts": {"path":"/Users/admin/Projects/my-stocks/packages/domain/src/services/TotalHoldingsStateBuilder.ts","statementMap":{"0":{"start":{"line":6,"column":31},"end":{"line":6,"column":64}},"1":{"start":{"line":9,"column":20},"end":{"line":11,"column":50}},"2":{"start":{"line":13,"column":17},"end":{"line":15,"column":46}},"3":{"start":{"line":17,"column":22},"end":{"line":20,"column":null}},"4":{"start":{"line":19,"column":25},"end":{"line":19,"column":67}},"5":{"start":{"line":20,"column":22},"end":{"line":20,"column":35}},"6":{"start":{"line":23,"column":21},"end":{"line":23,"column":84}},"7":{"start":{"line":23,"column":48},"end":{"line":23,"column":83}},"8":{"start":{"line":25,"column":22},"end":{"line":25,"column":64}},"9":{"start":{"line":26,"column":4},"end":{"line":32,"column":null}},"10":{"start":{"line":27,"column":18},"end":{"line":27,"column":37}},"11":{"start":{"line":28,"column":23},"end":{"line":28,"column":41}},"12":{"start":{"line":29,"column":6},"end":{"line":32,"column":null}},"13":{"start":{"line":30,"column":8},"end":{"line":30,"column":null}},"14":{"start":{"line":32,"column":8},"end":{"line":32,"column":null}},"15":{"start":{"line":36,"column":22},"end":{"line":38,"column":49}},"16":{"start":{"line":37,"column":28},"end":{"line":37,"column":56}},"17":{"start":{"line":38,"column":22},"end":{"line":38,"column":48}},"18":{"start":{"line":40,"column":61},"end":{"line":40,"column":63}},"19":{"start":{"line":41,"column":62},"end":{"line":41,"column":64}},"20":{"start":{"line":42,"column":27},"end":{"line":42,"column":44}},"21":{"start":{"line":44,"column":27},"end":{"line":44,"column":null}},"22":{"start":{"line":46,"column":4},"end":{"line":62,"column":null}},"23":{"start":{"line":47,"column":6},"end":{"line":48,"column":null}},"24":{"start":{"line":50,"column":6},"end":{"line":54,"column":null}},"25":{"start":{"line":51,"column":8},"end":{"line":52,"column":null}},"26":{"start":{"line":54,"column":8},"end":{"line":54,"column":null}},"27":{"start":{"line":57,"column":6},"end":{"line":58,"column":null}},"28":{"start":{"line":58,"column":8},"end":{"line":58,"column":null}},"29":{"start":{"line":61,"column":6},"end":{"line":62,"column":null}},"30":{"start":{"line":62,"column":8},"end":{"line":62,"column":null}},"31":{"start":{"line":66,"column":25},"end":{"line":66,"column":68}},"32":{"start":{"line":66,"column":50},"end":{"line":66,"column":68}},"33":{"start":{"line":67,"column":26},"end":{"line":67,"column":53}},"34":{"start":{"line":69,"column":4},"end":{"line":82,"column":null}},"35":{"start":{"line":90,"column":2},"end":{"line":90,"column":null}},"36":{"start":{"line":90,"column":24},"end":{"line":90,"column":null}},"37":{"start":{"line":91,"column":2},"end":{"line":91,"column":null}},"38":{"start":{"line":91,"column":27},"end":{"line":91,"column":null}},"39":{"start":{"line":92,"column":2},"end":{"line":92,"column":null}},"40":{"start":{"line":96,"column":2},"end":{"line":96,"column":null}},"41":{"start":{"line":100,"column":16},"end":{"line":100,"column":null}},"42":{"start":{"line":101,"column":8},"end":{"line":101,"column":40}},"43":{"start":{"line":103,"column":36},"end":{"line":103,"column":38}},"44":{"start":{"line":104,"column":25},"end":{"line":104,"column":42}},"45":{"start":{"line":105,"column":23},"end":{"line":105,"column":40}},"46":{"start":{"line":106,"column":2},"end":{"line":112,"column":null}},"47":{"start":{"line":107,"column":4},"end":{"line":107,"column":null}},"48":{"start":{"line":108,"column":4},"end":{"line":109,"column":null}},"49":{"start":{"line":109,"column":6},"end":{"line":109,"column":null}},"50":{"start":{"line":111,"column":4},"end":{"line":112,"column":null}},"51":{"start":{"line":112,"column":6},"end":{"line":112,"column":null}},"52":{"start":{"line":116,"column":2},"end":{"line":131,"column":null}},"53":{"start":{"line":135,"column":16},"end":{"line":135,"column":47}},"54":{"start":{"line":136,"column":13},"end":{"line":136,"column":null}},"55":{"start":{"line":137,"column":2},"end":{"line":139,"column":null}},"56":{"start":{"line":137,"column":15},"end":{"line":137,"column":18}},"57":{"start":{"line":138,"column":4},"end":{"line":138,"column":null}},"58":{"start":{"line":139,"column":4},"end":{"line":139,"column":null}},"59":{"start":{"line":142,"column":2},"end":{"line":142,"column":null}}},"fnMap":{"0":{"name":"(anonymous_0)","decl":{"start":{"line":6,"column":2},"end":{"line":6,"column":14}},"loc":{"start":{"line":6,"column":64},"end":{"line":6,"column":64}},"line":6},"1":{"name":"(anonymous_1)","decl":{"start":{"line":8,"column":8},"end":{"line":8,"column":14}},"loc":{"start":{"line":8,"column":77},"end":{"line":82,"column":null}},"line":8},"2":{"name":"(anonymous_2)","decl":{"start":{"line":19,"column":9},"end":{"line":19,"column":17}},"loc":{"start":{"line":19,"column":25},"end":{"line":19,"column":67}},"line":19},"3":{"name":"(anonymous_3)","decl":{"start":{"line":20,"column":9},"end":{"line":20,"column":14}},"loc":{"start":{"line":20,"column":22},"end":{"line":20,"column":35}},"line":20},"4":{"name":"(anonymous_4)","decl":{"start":{"line":23,"column":29},"end":{"line":23,"column":37}},"loc":{"start":{"line":23,"column":48},"end":{"line":23,"column":83}},"line":23},"5":{"name":"(anonymous_5)","decl":{"start":{"line":37,"column":7},"end":{"line":37,"column":12}},"loc":{"start":{"line":37,"column":28},"end":{"line":37,"column":56}},"line":37},"6":{"name":"(anonymous_6)","decl":{"start":{"line":38,"column":7},"end":{"line":38,"column":13}},"loc":{"start":{"line":38,"column":22},"end":{"line":38,"column":48}},"line":38},"7":{"name":"(anonymous_7)","decl":{"start":{"line":66,"column":35},"end":{"line":66,"column":44}},"loc":{"start":{"line":66,"column":50},"end":{"line":66,"column":68}},"line":66},"8":{"name":"isRecordEligible","decl":{"start":{"line":86,"column":9},"end":{"line":86,"column":null}},"loc":{"start":{"line":89,"column":11},"end":{"line":92,"column":null}},"line":89},"9":{"name":"positionKey","decl":{"start":{"line":95,"column":9},"end":{"line":95,"column":21}},"loc":{"start":{"line":95,"column":60},"end":{"line":96,"column":null}},"line":95},"10":{"name":"aggregatePosition","decl":{"start":{"line":99,"column":9},"end":{"line":99,"column":27}},"loc":{"start":{"line":99,"column":94},"end":{"line":131,"column":null}},"line":99},"11":{"name":"hashRecordSet","decl":{"start":{"line":134,"column":9},"end":{"line":134,"column":23}},"loc":{"start":{"line":134,"column":52},"end":{"line":142,"column":null}},"line":134}},"branchMap":{"0":{"loc":{"start":{"line":9,"column":20},"end":{"line":11,"column":50}},"type":"cond-expr","locations":[{"start":{"line":10,"column":8},"end":{"line":10,"column":77}},{"start":{"line":11,"column":8},"end":{"line":11,"column":50}}],"line":9},"1":{"loc":{"start":{"line":13,"column":17},"end":{"line":15,"column":46}},"type":"cond-expr","locations":[{"start":{"line":14,"column":8},"end":{"line":14,"column":73}},{"start":{"line":15,"column":8},"end":{"line":15,"column":46}}],"line":13},"2":{"loc":{"start":{"line":19,"column":25},"end":{"line":19,"column":67}},"type":"binary-expr","locations":[{"start":{"line":19,"column":25},"end":{"line":19,"column":53}},{"start":{"line":19,"column":53},"end":{"line":19,"column":67}}],"line":19},"3":{"loc":{"start":{"line":29,"column":6},"end":{"line":32,"column":null}},"type":"if","locations":[{"start":{"line":29,"column":6},"end":{"line":32,"column":null}},{"start":{"line":31,"column":13},"end":{"line":32,"column":null}}],"line":29},"4":{"loc":{"start":{"line":48,"column":9},"end":{"line":48,"column":61}},"type":"binary-expr","locations":[{"start":{"line":48,"column":9},"end":{"line":48,"column":56}},{"start":{"line":48,"column":56},"end":{"line":48,"column":61}}],"line":48},"5":{"loc":{"start":{"line":50,"column":6},"end":{"line":54,"column":null}},"type":"if","locations":[{"start":{"line":50,"column":6},"end":{"line":54,"column":null}},{"start":{"line":53,"column":13},"end":{"line":54,"column":null}}],"line":50},"6":{"loc":{"start":{"line":52,"column":11},"end":{"line":52,"column":64}},"type":"binary-expr","locations":[{"start":{"line":52,"column":11},"end":{"line":52,"column":59}},{"start":{"line":52,"column":59},"end":{"line":52,"column":64}}],"line":52},"7":{"loc":{"start":{"line":61,"column":6},"end":{"line":62,"column":null}},"type":"if","locations":[{"start":{"line":61,"column":6},"end":{"line":62,"column":null}},{"start":{},"end":{}}],"line":61},"8":{"loc":{"start":{"line":61,"column":10},"end":{"line":61,"column":47}},"type":"binary-expr","locations":[{"start":{"line":61,"column":10},"end":{"line":61,"column":19}},{"start":{"line":61,"column":19},"end":{"line":61,"column":47}}],"line":61},"9":{"loc":{"start":{"line":90,"column":2},"end":{"line":90,"column":null}},"type":"if","locations":[{"start":{"line":90,"column":2},"end":{"line":90,"column":null}},{"start":{},"end":{}}],"line":90},"10":{"loc":{"start":{"line":91,"column":2},"end":{"line":91,"column":null}},"type":"if","locations":[{"start":{"line":91,"column":2},"end":{"line":91,"column":null}},{"start":{},"end":{}}],"line":91},"11":{"loc":{"start":{"line":108,"column":4},"end":{"line":109,"column":null}},"type":"if","locations":[{"start":{"line":108,"column":4},"end":{"line":109,"column":null}},{"start":{},"end":{}}],"line":108},"12":{"loc":{"start":{"line":111,"column":4},"end":{"line":112,"column":null}},"type":"if","locations":[{"start":{"line":111,"column":4},"end":{"line":112,"column":null}},{"start":{},"end":{}}],"line":111}},"s":{"0":7,"1":1,"2":0,"3":0,"4":1,"5":1,"6":0,"7":4,"8":0,"9":0,"10":4,"11":4,"12":4,"13":3,"14":1,"15":1,"16":1,"17":0,"18":1,"19":1,"20":1,"21":1,"22":1,"23":1,"24":1,"25":1,"26":0,"27":1,"28":1,"29":1,"30":1,"31":1,"32":1,"33":1,"34":1,"35":4,"36":0,"37":4,"38":0,"39":4,"40":4,"41":1,"42":1,"43":1,"44":1,"45":1,"46":1,"47":4,"48":4,"49":4,"50":4,"51":4,"52":1,"53":1,"54":1,"55":1,"56":1,"57":119,"58":119,"59":1},"f":{"0":7,"1":1,"2":1,"3":1,"4":4,"5":1,"6":0,"7":1,"8":4,"9":4,"10":1,"11":1},"b":{"0":[1,0],"1":[1,0],"2":[1,1],"3":[3,1],"4":[1,1],"5":[1,0],"6":[1,1],"7":[1,0],"8":[1,0],"9":[0,4],"10":[0,4],"11":[4,0],"12":[4,0]},"meta":{"lastBranch":13,"lastFunction":12,"lastStatement":60,"seen":{"f:6:2:6:14":0,"s:6:31:6:64":0,"f:8:8:8:14":1,"s:9:20:11:50":1,"b:10:8:10:77:11:8:11:50":0,"s:13:17:15:46":2,"b:14:8:14:73:15:8:15:46":1,"s:17:22:20:Infinity":3,"f:19:9:19:17":2,"s:19:25:19:67":4,"b:19:25:19:53:19:53:19:67":2,"f:20:9:20:14":3,"s:20:22:20:35":5,"s:23:21:23:84":6,"f:23:29:23:37":4,"s:23:48:23:83":7,"s:25:22:25:64":8,"s:26:4:32:Infinity":9,"s:27:18:27:37":10,"s:28:23:28:41":11,"b:29:6:32:Infinity:31:13:32:Infinity":3,"s:29:6:32:Infinity":12,"s:30:8:30:Infinity":13,"s:32:8:32:Infinity":14,"s:36:22:38:49":15,"f:37:7:37:12":5,"s:37:28:37:56":16,"f:38:7:38:13":6,"s:38:22:38:48":17,"s:40:61:40:63":18,"s:41:62:41:64":19,"s:42:27:42:44":20,"s:44:27:44:Infinity":21,"s:46:4:62:Infinity":22,"s:47:6:48:Infinity":23,"b:48:9:48:56:48:56:48:61":4,"b:50:6:54:Infinity:53:13:54:Infinity":5,"s:50:6:54:Infinity":24,"s:51:8:52:Infinity":25,"b:52:11:52:59:52:59:52:64":6,"s:54:8:54:Infinity":26,"s:57:6:58:Infinity":27,"s:58:8:58:Infinity":28,"b:61:6:62:Infinity:undefined:undefined:undefined:undefined":7,"s:61:6:62:Infinity":29,"b:61:10:61:19:61:19:61:47":8,"s:62:8:62:Infinity":30,"s:66:25:66:68":31,"f:66:35:66:44":7,"s:66:50:66:68":32,"s:67:26:67:53":33,"s:69:4:82:Infinity":34,"f:86:9:86:Infinity":8,"b:90:2:90:Infinity:undefined:undefined:undefined:undefined":9,"s:90:2:90:Infinity":35,"s:90:24:90:Infinity":36,"b:91:2:91:Infinity:undefined:undefined:undefined:undefined":10,"s:91:2:91:Infinity":37,"s:91:27:91:Infinity":38,"s:92:2:92:Infinity":39,"f:95:9:95:21":9,"s:96:2:96:Infinity":40,"f:99:9:99:27":10,"s:100:16:100:Infinity":41,"s:101:8:101:40":42,"s:103:36:103:38":43,"s:104:25:104:42":44,"s:105:23:105:40":45,"s:106:2:112:Infinity":46,"s:107:4:107:Infinity":47,"b:108:4:109:Infinity:undefined:undefined:undefined:undefined":11,"s:108:4:109:Infinity":48,"s:109:6:109:Infinity":49,"b:111:4:112:Infinity:undefined:undefined:undefined:undefined":12,"s:111:4:112:Infinity":50,"s:112:6:112:Infinity":51,"s:116:2:131:Infinity":52,"f:134:9:134:23":11,"s:135:16:135:47":53,"s:136:13:136:Infinity":54,"s:137:2:139:Infinity":55,"s:137:15:137:18":56,"s:138:4:138:Infinity":57,"s:139:4:139:Infinity":58,"s:142:2:142:Infinity":59}}}
,"/Users/admin/Projects/my-stocks/packages/domain/src/services/aggregateHoldingLots.ts": {"path":"/Users/admin/Projects/my-stocks/packages/domain/src/services/aggregateHoldingLots.ts","statementMap":{"0":{"start":{"line":18,"column":22},"end":{"line":18,"column":null}},"1":{"start":{"line":19,"column":18},"end":{"line":19,"column":null}},"2":{"start":{"line":20,"column":25},"end":{"line":20,"column":null}},"3":{"start":{"line":22,"column":33},"end":{"line":22,"column":null}},"4":{"start":{"line":24,"column":2},"end":{"line":35,"column":null}},"5":{"start":{"line":25,"column":4},"end":{"line":25,"column":null}},"6":{"start":{"line":26,"column":4},"end":{"line":26,"column":null}},"7":{"start":{"line":28,"column":4},"end":{"line":29,"column":null}},"8":{"start":{"line":29,"column":6},"end":{"line":29,"column":null}},"9":{"start":{"line":32,"column":4},"end":{"line":35,"column":null}},"10":{"start":{"line":33,"column":6},"end":{"line":35,"column":null}},"11":{"start":{"line":34,"column":8},"end":{"line":34,"column":null}},"12":{"start":{"line":35,"column":8},"end":{"line":35,"column":null}},"13":{"start":{"line":40,"column":31},"end":{"line":40,"column":null}},"14":{"start":{"line":42,"column":2},"end":{"line":48,"column":null}}},"fnMap":{"0":{"name":"aggregateHoldingLots","decl":{"start":{"line":17,"column":16},"end":{"line":17,"column":37}},"loc":{"start":{"line":17,"column":98},"end":{"line":48,"column":null}},"line":17}},"branchMap":{"0":{"loc":{"start":{"line":28,"column":4},"end":{"line":29,"column":null}},"type":"if","locations":[{"start":{"line":28,"column":4},"end":{"line":29,"column":null}},{"start":{},"end":{}}],"line":28},"1":{"loc":{"start":{"line":32,"column":4},"end":{"line":35,"column":null}},"type":"if","locations":[{"start":{"line":32,"column":4},"end":{"line":35,"column":null}},{"start":{},"end":{}}],"line":32},"2":{"loc":{"start":{"line":33,"column":6},"end":{"line":35,"column":null}},"type":"if","locations":[{"start":{"line":33,"column":6},"end":{"line":35,"column":null}},{"start":{},"end":{}}],"line":33},"3":{"loc":{"start":{"line":33,"column":10},"end":{"line":33,"column":89}},"type":"binary-expr","locations":[{"start":{"line":33,"column":10},"end":{"line":33,"column":55}},{"start":{"line":33,"column":55},"end":{"line":33,"column":89}}],"line":33},"4":{"loc":{"start":{"line":40,"column":31},"end":{"line":40,"column":null}},"type":"cond-expr","locations":[{"start":{"line":40,"column":51},"end":{"line":40,"column":79}},{"start":{"line":40,"column":79},"end":{"line":40,"column":null}}],"line":40}},"s":{"0":7,"1":7,"2":7,"3":7,"4":7,"5":20,"6":20,"7":20,"8":7,"9":20,"10":20,"11":7,"12":7,"13":7,"14":7},"f":{"0":7},"b":{"0":[7,13],"1":[20,0],"2":[7,13],"3":[20,13],"4":[7,0]},"meta":{"lastBranch":5,"lastFunction":1,"lastStatement":15,"seen":{"f:17:16:17:37":0,"s:18:22:18:Infinity":0,"s:19:18:19:Infinity":1,"s:20:25:20:Infinity":2,"s:22:33:22:Infinity":3,"s:24:2:35:Infinity":4,"s:25:4:25:Infinity":5,"s:26:4:26:Infinity":6,"b:28:4:29:Infinity:undefined:undefined:undefined:undefined":0,"s:28:4:29:Infinity":7,"s:29:6:29:Infinity":8,"b:32:4:35:Infinity:undefined:undefined:undefined:undefined":1,"s:32:4:35:Infinity":9,"b:33:6:35:Infinity:undefined:undefined:undefined:undefined":2,"s:33:6:35:Infinity":10,"b:33:10:33:55:33:55:33:89":3,"s:34:8:34:Infinity":11,"s:35:8:35:Infinity":12,"s:40:31:40:Infinity":13,"b:40:51:40:79:40:79:40:Infinity":4,"s:42:2:48:Infinity":14}}}
,"/Users/admin/Projects/my-stocks/packages/domain/src/utils/idUtils.ts": {"path":"/Users/admin/Projects/my-stocks/packages/domain/src/utils/idUtils.ts","statementMap":{"0":{"start":{"line":2,"column":2},"end":{"line":2,"column":null}},"1":{"start":{"line":6,"column":2},"end":{"line":6,"column":null}}},"fnMap":{"0":{"name":"makeId","decl":{"start":{"line":1,"column":16},"end":{"line":1,"column":23}},"loc":{"start":{"line":1,"column":47},"end":{"line":2,"column":null}},"line":1},"1":{"name":"nowIso","decl":{"start":{"line":5,"column":16},"end":{"line":5,"column":33}},"loc":{"start":{"line":5,"column":33},"end":{"line":6,"column":null}},"line":5}},"branchMap":{},"s":{"0":47,"1":72},"f":{"0":47,"1":72},"b":{},"meta":{"lastBranch":0,"lastFunction":2,"lastStatement":2,"seen":{"f:1:16:1:23":0,"s:2:2:2:Infinity":0,"f:5:16:5:33":1,"s:6:2:6:Infinity":1}}}
}
