{"/Users/admin/Projects/my-stocks/packages/domain/src/services/PsagotApiClient.ts": {"path":"/Users/admin/Projects/my-stocks/packages/domain/src/services/PsagotApiClient.ts","statementMap":{"0":{"start":{"line":10,"column":17},"end":{"line":10,"column":null}},"1":{"start":{"line":11,"column":19},"end":{"line":11,"column":null}},"2":{"start":{"line":12,"column":22},"end":{"line":12,"column":null}},"3":{"start":{"line":13,"column":22},"end":{"line":13,"column":null}},"4":{"start":{"line":14,"column":27},"end":{"line":14,"column":null}},"5":{"start":{"line":24,"column":2},"end":{"line":24,"column":null}},"6":{"start":{"line":28,"column":2},"end":{"line":29,"column":null}},"7":{"start":{"line":29,"column":4},"end":{"line":29,"column":null}},"8":{"start":{"line":31,"column":2},"end":{"line":31,"column":null}},"9":{"start":{"line":35,"column":31},"end":{"line":35,"column":47}},"10":{"start":{"line":38,"column":21},"end":{"line":38,"column":39}},"11":{"start":{"line":41,"column":4},"end":{"line":59,"column":null}},"12":{"start":{"line":42,"column":6},"end":{"line":55,"column":null}},"13":{"start":{"line":57,"column":6},"end":{"line":59,"column":null}},"14":{"start":{"line":62,"column":4},"end":{"line":63,"column":null}},"15":{"start":{"line":63,"column":6},"end":{"line":63,"column":null}},"16":{"start":{"line":66,"column":17},"end":{"line":66,"column":null}},"17":{"start":{"line":68,"column":4},"end":{"line":69,"column":null}},"18":{"start":{"line":69,"column":6},"end":{"line":69,"column":null}},"19":{"start":{"line":72,"column":23},"end":{"line":72,"column":null}},"20":{"start":{"line":73,"column":4},"end":{"line":74,"column":null}},"21":{"start":{"line":74,"column":6},"end":{"line":74,"column":null}},"22":{"start":{"line":77,"column":4},"end":{"line":81,"column":null}},"23":{"start":{"line":90,"column":4},"end":{"line":110,"column":null}},"24":{"start":{"line":91,"column":6},"end":{"line":106,"column":null}},"25":{"start":{"line":108,"column":6},"end":{"line":110,"column":null}},"26":{"start":{"line":113,"column":4},"end":{"line":114,"column":null}},"27":{"start":{"line":114,"column":6},"end":{"line":114,"column":null}},"28":{"start":{"line":117,"column":17},"end":{"line":117,"column":null}},"29":{"start":{"line":119,"column":4},"end":{"line":127,"column":null}},"30":{"start":{"line":120,"column":23},"end":{"line":120,"column":41}},"31":{"start":{"line":121,"column":6},"end":{"line":122,"column":null}},"32":{"start":{"line":122,"column":8},"end":{"line":122,"column":null}},"33":{"start":{"line":124,"column":6},"end":{"line":125,"column":null}},"34":{"start":{"line":125,"column":8},"end":{"line":125,"column":null}},"35":{"start":{"line":127,"column":6},"end":{"line":127,"column":null}},"36":{"start":{"line":130,"column":23},"end":{"line":130,"column":null}},"37":{"start":{"line":131,"column":4},"end":{"line":132,"column":null}},"38":{"start":{"line":132,"column":6},"end":{"line":132,"column":null}},"39":{"start":{"line":135,"column":4},"end":{"line":140,"column":null}},"40":{"start":{"line":144,"column":4},"end":{"line":144,"column":null}},"41":{"start":{"line":146,"column":21},"end":{"line":148,"column":null}},"42":{"start":{"line":151,"column":17},"end":{"line":151,"column":null}},"43":{"start":{"line":152,"column":4},"end":{"line":153,"column":null}},"44":{"start":{"line":153,"column":6},"end":{"line":153,"column":null}},"45":{"start":{"line":156,"column":4},"end":{"line":163,"column":null}},"46":{"start":{"line":157,"column":18},"end":{"line":157,"column":null}},"47":{"start":{"line":158,"column":6},"end":{"line":162,"column":null}},"48":{"start":{"line":167,"column":4},"end":{"line":167,"column":null}},"49":{"start":{"line":169,"column":16},"end":{"line":169,"column":null}},"50":{"start":{"line":170,"column":21},"end":{"line":170,"column":62}},"51":{"start":{"line":172,"column":17},"end":{"line":172,"column":null}},"52":{"start":{"line":173,"column":17},"end":{"line":173,"column":null}},"53":{"start":{"line":174,"column":4},"end":{"line":174,"column":null}},"54":{"start":{"line":174,"column":15},"end":{"line":174,"column":null}},"55":{"start":{"line":176,"column":25},"end":{"line":176,"column":43}},"56":{"start":{"line":177,"column":17},"end":{"line":177,"column":null}},"57":{"start":{"line":178,"column":24},"end":{"line":178,"column":44}},"58":{"start":{"line":180,"column":28},"end":{"line":180,"column":53}},"59":{"start":{"line":181,"column":4},"end":{"line":185,"column":null}},"60":{"start":{"line":182,"column":20},"end":{"line":182,"column":50}},"61":{"start":{"line":183,"column":19},"end":{"line":183,"column":null}},"62":{"start":{"line":184,"column":6},"end":{"line":185,"column":null}},"63":{"start":{"line":185,"column":8},"end":{"line":185,"column":null}},"64":{"start":{"line":189,"column":4},"end":{"line":207,"column":null}},"65":{"start":{"line":190,"column":27},"end":{"line":190,"column":55}},"66":{"start":{"line":191,"column":6},"end":{"line":206,"column":null}},"67":{"start":{"line":211,"column":4},"end":{"line":212,"column":null}},"68":{"start":{"line":212,"column":6},"end":{"line":212,"column":null}},"69":{"start":{"line":221,"column":4},"end":{"line":234,"column":null}},"70":{"start":{"line":222,"column":6},"end":{"line":230,"column":null}},"71":{"start":{"line":232,"column":6},"end":{"line":234,"column":null}},"72":{"start":{"line":237,"column":17},"end":{"line":237,"column":null}},"73":{"start":{"line":239,"column":4},"end":{"line":244,"column":null}},"74":{"start":{"line":240,"column":23},"end":{"line":240,"column":41}},"75":{"start":{"line":241,"column":6},"end":{"line":242,"column":null}},"76":{"start":{"line":242,"column":8},"end":{"line":242,"column":null}},"77":{"start":{"line":244,"column":6},"end":{"line":244,"column":null}},"78":{"start":{"line":247,"column":4},"end":{"line":247,"column":null}}},"fnMap":{"0":{"name":"apiError","decl":{"start":{"line":23,"column":9},"end":{"line":23,"column":18}},"loc":{"start":{"line":23,"column":141},"end":{"line":24,"column":null}},"line":23},"1":{"name":"generateCsession","decl":{"start":{"line":27,"column":9},"end":{"line":27,"column":36}},"loc":{"start":{"line":27,"column":36},"end":{"line":31,"column":null}},"line":27},"2":{"name":"(anonymous_2)","decl":{"start":{"line":35,"column":2},"end":{"line":35,"column":14}},"loc":{"start":{"line":35,"column":47},"end":{"line":35,"column":47}},"line":35},"3":{"name":"(anonymous_3)","decl":{"start":{"line":37,"column":8},"end":{"line":37,"column":22}},"loc":{"start":{"line":37,"column":85},"end":{"line":81,"column":null}},"line":37},"4":{"name":"(anonymous_4)","decl":{"start":{"line":84,"column":8},"end":{"line":84,"column":null}},"loc":{"start":{"line":88,"column":38},"end":{"line":140,"column":null}},"line":88},"5":{"name":"(anonymous_5)","decl":{"start":{"line":143,"column":8},"end":{"line":143,"column":22}},"loc":{"start":{"line":143,"column":82},"end":{"line":163,"column":null}},"line":143},"6":{"name":"(anonymous_6)","decl":{"start":{"line":156,"column":16},"end":{"line":156,"column":21}},"loc":{"start":{"line":156,"column":30},"end":{"line":163,"column":null}},"line":156},"7":{"name":"(anonymous_7)","decl":{"start":{"line":166,"column":8},"end":{"line":166,"column":22}},"loc":{"start":{"line":166,"column":101},"end":{"line":207,"column":null}},"line":166},"8":{"name":"(anonymous_8)","decl":{"start":{"line":189,"column":23},"end":{"line":189,"column":28}},"loc":{"start":{"line":189,"column":34},"end":{"line":207,"column":null}},"line":189},"9":{"name":"(anonymous_9)","decl":{"start":{"line":210,"column":2},"end":{"line":210,"column":10}},"loc":{"start":{"line":210,"column":69},"end":{"line":212,"column":null}},"line":210},"10":{"name":"(anonymous_10)","decl":{"start":{"line":216,"column":16},"end":{"line":216,"column":null}},"loc":{"start":{"line":219,"column":22},"end":{"line":247,"column":null}},"line":219}},"branchMap":{"0":{"loc":{"start":{"line":28,"column":2},"end":{"line":29,"column":null}},"type":"if","locations":[{"start":{"line":28,"column":2},"end":{"line":29,"column":null}},{"start":{},"end":{}}],"line":28},"1":{"loc":{"start":{"line":28,"column":6},"end":{"line":28,"column":58}},"type":"binary-expr","locations":[{"start":{"line":28,"column":6},"end":{"line":28,"column":39}},{"start":{"line":28,"column":39},"end":{"line":28,"column":58}}],"line":28},"2":{"loc":{"start":{"line":58,"column":15},"end":{"line":58,"column":66}},"type":"cond-expr","locations":[{"start":{"line":58,"column":38},"end":{"line":58,"column":44}},{"start":{"line":58,"column":44},"end":{"line":58,"column":66}}],"line":58},"3":{"loc":{"start":{"line":62,"column":4},"end":{"line":63,"column":null}},"type":"if","locations":[{"start":{"line":62,"column":4},"end":{"line":63,"column":null}},{"start":{},"end":{}}],"line":62},"4":{"loc":{"start":{"line":62,"column":8},"end":{"line":62,"column":60}},"type":"binary-expr","locations":[{"start":{"line":62,"column":8},"end":{"line":62,"column":35}},{"start":{"line":62,"column":35},"end":{"line":62,"column":60}}],"line":62},"5":{"loc":{"start":{"line":68,"column":4},"end":{"line":69,"column":null}},"type":"if","locations":[{"start":{"line":68,"column":4},"end":{"line":69,"column":null}},{"start":{},"end":{}}],"line":68},"6":{"loc":{"start":{"line":73,"column":4},"end":{"line":74,"column":null}},"type":"if","locations":[{"start":{"line":73,"column":4},"end":{"line":74,"column":null}},{"start":{},"end":{}}],"line":73},"7":{"loc":{"start":{"line":109,"column":15},"end":{"line":109,"column":66}},"type":"cond-expr","locations":[{"start":{"line":109,"column":38},"end":{"line":109,"column":44}},{"start":{"line":109,"column":44},"end":{"line":109,"column":66}}],"line":109},"8":{"loc":{"start":{"line":113,"column":4},"end":{"line":114,"column":null}},"type":"if","locations":[{"start":{"line":113,"column":4},"end":{"line":114,"column":null}},{"start":{},"end":{}}],"line":113},"9":{"loc":{"start":{"line":113,"column":8},"end":{"line":113,"column":60}},"type":"binary-expr","locations":[{"start":{"line":113,"column":8},"end":{"line":113,"column":35}},{"start":{"line":113,"column":35},"end":{"line":113,"column":60}}],"line":113},"10":{"loc":{"start":{"line":119,"column":4},"end":{"line":127,"column":null}},"type":"if","locations":[{"start":{"line":119,"column":4},"end":{"line":127,"column":null}},{"start":{},"end":{}}],"line":119},"11":{"loc":{"start":{"line":121,"column":6},"end":{"line":122,"column":null}},"type":"if","locations":[{"start":{"line":121,"column":6},"end":{"line":122,"column":null}},{"start":{},"end":{}}],"line":121},"12":{"loc":{"start":{"line":121,"column":10},"end":{"line":121,"column":72}},"type":"binary-expr","locations":[{"start":{"line":121,"column":10},"end":{"line":121,"column":34}},{"start":{"line":121,"column":38},"end":{"line":121,"column":72}}],"line":121},"13":{"loc":{"start":{"line":124,"column":6},"end":{"line":125,"column":null}},"type":"if","locations":[{"start":{"line":124,"column":6},"end":{"line":125,"column":null}},{"start":{},"end":{}}],"line":124},"14":{"loc":{"start":{"line":131,"column":4},"end":{"line":132,"column":null}},"type":"if","locations":[{"start":{"line":131,"column":4},"end":{"line":132,"column":null}},{"start":{},"end":{}}],"line":131},"15":{"loc":{"start":{"line":152,"column":4},"end":{"line":153,"column":null}},"type":"if","locations":[{"start":{"line":152,"column":4},"end":{"line":153,"column":null}},{"start":{},"end":{}}],"line":152},"16":{"loc":{"start":{"line":159,"column":13},"end":{"line":159,"column":null}},"type":"binary-expr","locations":[{"start":{"line":159,"column":13},"end":{"line":159,"column":28}},{"start":{"line":159,"column":28},"end":{"line":159,"column":null}}],"line":159},"17":{"loc":{"start":{"line":160,"column":14},"end":{"line":160,"column":null}},"type":"binary-expr","locations":[{"start":{"line":160,"column":14},"end":{"line":160,"column":38}},{"start":{"line":160,"column":38},"end":{"line":160,"column":null}}],"line":160},"18":{"loc":{"start":{"line":161,"column":18},"end":{"line":161,"column":null}},"type":"binary-expr","locations":[{"start":{"line":161,"column":18},"end":{"line":161,"column":34}},{"start":{"line":161,"column":34},"end":{"line":161,"column":null}}],"line":161},"19":{"loc":{"start":{"line":174,"column":4},"end":{"line":174,"column":null}},"type":"if","locations":[{"start":{"line":174,"column":4},"end":{"line":174,"column":null}},{"start":{},"end":{}}],"line":174},"20":{"loc":{"start":{"line":176,"column":25},"end":{"line":176,"column":43}},"type":"binary-expr","locations":[{"start":{"line":176,"column":25},"end":{"line":176,"column":41}},{"start":{"line":176,"column":41},"end":{"line":176,"column":43}}],"line":176},"21":{"loc":{"start":{"line":178,"column":24},"end":{"line":178,"column":44}},"type":"binary-expr","locations":[{"start":{"line":178,"column":24},"end":{"line":178,"column":42}},{"start":{"line":178,"column":42},"end":{"line":178,"column":44}}],"line":178},"22":{"loc":{"start":{"line":182,"column":27},"end":{"line":182,"column":50}},"type":"binary-expr","locations":[{"start":{"line":182,"column":27},"end":{"line":182,"column":47}},{"start":{"line":182,"column":47},"end":{"line":182,"column":50}}],"line":182},"23":{"loc":{"start":{"line":184,"column":6},"end":{"line":185,"column":null}},"type":"if","locations":[{"start":{"line":184,"column":6},"end":{"line":185,"column":null}},{"start":{},"end":{}}],"line":184},"24":{"loc":{"start":{"line":184,"column":10},"end":{"line":184,"column":25}},"type":"binary-expr","locations":[{"start":{"line":184,"column":10},"end":{"line":184,"column":19}},{"start":{"line":184,"column":19},"end":{"line":184,"column":25}}],"line":184},"25":{"loc":{"start":{"line":190,"column":34},"end":{"line":190,"column":55}},"type":"binary-expr","locations":[{"start":{"line":190,"column":34},"end":{"line":190,"column":52}},{"start":{"line":190,"column":52},"end":{"line":190,"column":55}}],"line":190},"26":{"loc":{"start":{"line":193,"column":25},"end":{"line":193,"column":41}},"type":"binary-expr","locations":[{"start":{"line":193,"column":25},"end":{"line":193,"column":39}},{"start":{"line":193,"column":39},"end":{"line":193,"column":41}}],"line":193},"27":{"loc":{"start":{"line":194,"column":25},"end":{"line":194,"column":41}},"type":"binary-expr","locations":[{"start":{"line":194,"column":25},"end":{"line":194,"column":39}},{"start":{"line":194,"column":39},"end":{"line":194,"column":41}}],"line":194},"28":{"loc":{"start":{"line":195,"column":29},"end":{"line":195,"column":49}},"type":"binary-expr","locations":[{"start":{"line":195,"column":29},"end":{"line":195,"column":47}},{"start":{"line":195,"column":47},"end":{"line":195,"column":49}}],"line":195},"29":{"loc":{"start":{"line":196,"column":28},"end":{"line":196,"column":44}},"type":"binary-expr","locations":[{"start":{"line":196,"column":28},"end":{"line":196,"column":42}},{"start":{"line":196,"column":42},"end":{"line":196,"column":44}}],"line":196},"30":{"loc":{"start":{"line":197,"column":31},"end":{"line":197,"column":50}},"type":"binary-expr","locations":[{"start":{"line":197,"column":31},"end":{"line":197,"column":48}},{"start":{"line":197,"column":48},"end":{"line":197,"column":50}}],"line":197},"31":{"loc":{"start":{"line":198,"column":27},"end":{"line":198,"column":57}},"type":"binary-expr","locations":[{"start":{"line":198,"column":27},"end":{"line":198,"column":55}},{"start":{"line":198,"column":55},"end":{"line":198,"column":57}}],"line":198},"32":{"loc":{"start":{"line":199,"column":30},"end":{"line":199,"column":63}},"type":"binary-expr","locations":[{"start":{"line":199,"column":30},"end":{"line":199,"column":61}},{"start":{"line":199,"column":61},"end":{"line":199,"column":63}}],"line":199},"33":{"loc":{"start":{"line":200,"column":30},"end":{"line":200,"column":70}},"type":"binary-expr","locations":[{"start":{"line":200,"column":30},"end":{"line":200,"column":68}},{"start":{"line":200,"column":68},"end":{"line":200,"column":70}}],"line":200},"34":{"loc":{"start":{"line":201,"column":32},"end":{"line":201,"column":56}},"type":"binary-expr","locations":[{"start":{"line":201,"column":32},"end":{"line":201,"column":54}},{"start":{"line":201,"column":54},"end":{"line":201,"column":56}}],"line":201},"35":{"loc":{"start":{"line":202,"column":29},"end":{"line":202,"column":50}},"type":"binary-expr","locations":[{"start":{"line":202,"column":29},"end":{"line":202,"column":47}},{"start":{"line":202,"column":47},"end":{"line":202,"column":50}}],"line":202},"36":{"loc":{"start":{"line":203,"column":23},"end":{"line":203,"column":38}},"type":"binary-expr","locations":[{"start":{"line":203,"column":23},"end":{"line":203,"column":35}},{"start":{"line":203,"column":35},"end":{"line":203,"column":38}}],"line":203},"37":{"loc":{"start":{"line":204,"column":27},"end":{"line":204,"column":46}},"type":"binary-expr","locations":[{"start":{"line":204,"column":27},"end":{"line":204,"column":43}},{"start":{"line":204,"column":43},"end":{"line":204,"column":46}}],"line":204},"38":{"loc":{"start":{"line":205,"column":17},"end":{"line":205,"column":null}},"type":"binary-expr","locations":[{"start":{"line":205,"column":17},"end":{"line":205,"column":50}},{"start":{"line":205,"column":54},"end":{"line":205,"column":null}}],"line":205},"39":{"loc":{"start":{"line":211,"column":4},"end":{"line":212,"column":null}},"type":"if","locations":[{"start":{"line":211,"column":4},"end":{"line":212,"column":null}},{"start":{},"end":{}}],"line":211},"40":{"loc":{"start":{"line":211,"column":8},"end":{"line":211,"column":64}},"type":"binary-expr","locations":[{"start":{"line":211,"column":8},"end":{"line":211,"column":31}},{"start":{"line":211,"column":31},"end":{"line":211,"column":64}}],"line":211},"41":{"loc":{"start":{"line":233,"column":15},"end":{"line":233,"column":66}},"type":"cond-expr","locations":[{"start":{"line":233,"column":38},"end":{"line":233,"column":44}},{"start":{"line":233,"column":44},"end":{"line":233,"column":66}}],"line":233},"42":{"loc":{"start":{"line":239,"column":4},"end":{"line":244,"column":null}},"type":"if","locations":[{"start":{"line":239,"column":4},"end":{"line":244,"column":null}},{"start":{},"end":{}}],"line":239},"43":{"loc":{"start":{"line":239,"column":8},"end":{"line":239,"column":70}},"type":"binary-expr","locations":[{"start":{"line":239,"column":8},"end":{"line":239,"column":36}},{"start":{"line":239,"column":36},"end":{"line":239,"column":53}},{"start":{"line":239,"column":53},"end":{"line":239,"column":70}}],"line":239},"44":{"loc":{"start":{"line":241,"column":6},"end":{"line":242,"column":null}},"type":"if","locations":[{"start":{"line":241,"column":6},"end":{"line":242,"column":null}},{"start":{},"end":{}}],"line":241}},"s":{"0":1,"1":1,"2":1,"3":1,"4":1,"5":12,"6":21,"7":21,"8":0,"9":22,"10":21,"11":21,"12":21,"13":1,"14":20,"15":1,"16":19,"17":19,"18":0,"19":19,"20":19,"21":0,"22":19,"23":17,"24":17,"25":1,"26":16,"27":1,"28":15,"29":15,"30":3,"31":3,"32":1,"33":2,"34":1,"35":1,"36":12,"37":12,"38":1,"39":11,"40":8,"41":8,"42":5,"43":5,"44":1,"45":4,"46":3,"47":3,"48":3,"49":3,"50":3,"51":2,"52":2,"53":3,"54":0,"55":2,"56":3,"57":3,"58":3,"59":3,"60":1,"61":1,"62":1,"63":1,"64":2,"65":1,"66":1,"67":11,"68":1,"69":10,"70":10,"71":1,"72":9,"73":9,"74":2,"75":2,"76":1,"77":1,"78":7},"f":{"0":12,"1":21,"2":22,"3":21,"4":17,"5":8,"6":3,"7":3,"8":1,"9":11,"10":10},"b":{"0":[21,0],"1":[21,21],"2":[1,0],"3":[1,19],"4":[20,19],"5":[0,19],"6":[0,19],"7":[1,0],"8":[1,15],"9":[16,15],"10":[3,12],"11":[1,2],"12":[3,2],"13":[1,1],"14":[1,11],"15":[1,4],"16":[3,0],"17":[3,0],"18":[3,0],"19":[0,3],"20":[2,0],"21":[3,0],"22":[1,0],"23":[1,0],"24":[1,1],"25":[1,0],"26":[1,0],"27":[1,0],"28":[1,0],"29":[1,0],"30":[1,0],"31":[1,0],"32":[1,0],"33":[1,0],"34":[1,0],"35":[1,0],"36":[1,0],"37":[1,0],"38":[1,0],"39":[1,10],"40":[11,10],"41":[1,0],"42":[2,7],"43":[9,9,9],"44":[1,1]},"meta":{"lastBranch":45,"lastFunction":11,"lastStatement":79,"seen":{"s:10:17:10:Infinity":0,"s:11:19:11:Infinity":1,"s:12:22:12:Infinity":2,"s:13:22:13:Infinity":3,"s:14:27:14:Infinity":4,"f:23:9:23:18":0,"s:24:2:24:Infinity":5,"f:27:9:27:36":1,"b:28:2:29:Infinity:undefined:undefined:undefined:undefined":0,"s:28:2:29:Infinity":6,"b:28:6:28:39:28:39:28:58":1,"s:29:4:29:Infinity":7,"s:31:2:31:Infinity":8,"f:35:2:35:14":2,"s:35:31:35:47":9,"f:37:8:37:22":3,"s:38:21:38:39":10,"s:41:4:59:Infinity":11,"s:42:6:55:Infinity":12,"s:57:6:59:Infinity":13,"b:58:38:58:44:58:44:58:66":2,"b:62:4:63:Infinity:undefined:undefined:undefined:undefined":3,"s:62:4:63:Infinity":14,"b:62:8:62:35:62:35:62:60":4,"s:63:6:63:Infinity":15,"s:66:17:66:Infinity":16,"b:68:4:69:Infinity:undefined:undefined:undefined:undefined":5,"s:68:4:69:Infinity":17,"s:69:6:69:Infinity":18,"s:72:23:72:Infinity":19,"b:73:4:74:Infinity:undefined:undefined:undefined:undefined":6,"s:73:4:74:Infinity":20,"s:74:6:74:Infinity":21,"s:77:4:81:Infinity":22,"f:84:8:84:Infinity":4,"s:90:4:110:Infinity":23,"s:91:6:106:Infinity":24,"s:108:6:110:Infinity":25,"b:109:38:109:44:109:44:109:66":7,"b:113:4:114:Infinity:undefined:undefined:undefined:undefined":8,"s:113:4:114:Infinity":26,"b:113:8:113:35:113:35:113:60":9,"s:114:6:114:Infinity":27,"s:117:17:117:Infinity":28,"b:119:4:127:Infinity:undefined:undefined:undefined:undefined":10,"s:119:4:127:Infinity":29,"s:120:23:120:41":30,"b:121:6:122:Infinity:undefined:undefined:undefined:undefined":11,"s:121:6:122:Infinity":31,"b:121:10:121:34:121:38:121:72":12,"s:122:8:122:Infinity":32,"b:124:6:125:Infinity:undefined:undefined:undefined:undefined":13,"s:124:6:125:Infinity":33,"s:125:8:125:Infinity":34,"s:127:6:127:Infinity":35,"s:130:23:130:Infinity":36,"b:131:4:132:Infinity:undefined:undefined:undefined:undefined":14,"s:131:4:132:Infinity":37,"s:132:6:132:Infinity":38,"s:135:4:140:Infinity":39,"f:143:8:143:22":5,"s:144:4:144:Infinity":40,"s:146:21:148:Infinity":41,"s:151:17:151:Infinity":42,"b:152:4:153:Infinity:undefined:undefined:undefined:undefined":15,"s:152:4:153:Infinity":43,"s:153:6:153:Infinity":44,"s:156:4:163:Infinity":45,"f:156:16:156:21":6,"s:157:18:157:Infinity":46,"s:158:6:162:Infinity":47,"b:159:13:159:28:159:28:159:Infinity":16,"b:160:14:160:38:160:38:160:Infinity":17,"b:161:18:161:34:161:34:161:Infinity":18,"f:166:8:166:22":7,"s:167:4:167:Infinity":48,"s:169:16:169:Infinity":49,"s:170:21:170:62":50,"s:172:17:172:Infinity":51,"s:173:17:173:Infinity":52,"b:174:4:174:Infinity:undefined:undefined:undefined:undefined":19,"s:174:4:174:Infinity":53,"s:174:15:174:Infinity":54,"s:176:25:176:43":55,"b:176:25:176:41:176:41:176:43":20,"s:177:17:177:Infinity":56,"s:178:24:178:44":57,"b:178:24:178:42:178:42:178:44":21,"s:180:28:180:53":58,"s:181:4:185:Infinity":59,"s:182:20:182:50":60,"b:182:27:182:47:182:47:182:50":22,"s:183:19:183:Infinity":61,"b:184:6:185:Infinity:undefined:undefined:undefined:undefined":23,"s:184:6:185:Infinity":62,"b:184:10:184:19:184:19:184:25":24,"s:185:8:185:Infinity":63,"s:189:4:207:Infinity":64,"f:189:23:189:28":8,"s:190:27:190:55":65,"b:190:34:190:52:190:52:190:55":25,"s:191:6:206:Infinity":66,"b:193:25:193:39:193:39:193:41":26,"b:194:25:194:39:194:39:194:41":27,"b:195:29:195:47:195:47:195:49":28,"b:196:28:196:42:196:42:196:44":29,"b:197:31:197:48:197:48:197:50":30,"b:198:27:198:55:198:55:198:57":31,"b:199:30:199:61:199:61:199:63":32,"b:200:30:200:68:200:68:200:70":33,"b:201:32:201:54:201:54:201:56":34,"b:202:29:202:47:202:47:202:50":35,"b:203:23:203:35:203:35:203:38":36,"b:204:27:204:43:204:43:204:46":37,"b:205:17:205:50:205:54:205:Infinity":38,"f:210:2:210:10":9,"b:211:4:212:Infinity:undefined:undefined:undefined:undefined":39,"s:211:4:212:Infinity":67,"b:211:8:211:31:211:31:211:64":40,"s:212:6:212:Infinity":68,"f:216:16:216:Infinity":10,"s:221:4:234:Infinity":69,"s:222:6:230:Infinity":70,"s:232:6:234:Infinity":71,"b:233:38:233:44:233:44:233:66":41,"s:237:17:237:Infinity":72,"b:239:4:244:Infinity:undefined:undefined:undefined:undefined":42,"s:239:4:244:Infinity":73,"b:239:8:239:36:239:36:239:53:239:53:239:70":43,"s:240:23:240:41":74,"b:241:6:242:Infinity:undefined:undefined:undefined:undefined":44,"s:241:6:242:Infinity":75,"s:242:8:242:Infinity":76,"s:244:6:244:Infinity":77,"s:247:4:247:Infinity":78}}}
}
